#
# A fatal error has been detected by the Java Runtime Environment:
#
#  SIGSEGV (0xb) at pc=0x0000000125c8c3fd, pid=871, tid=1811
#
# JRE version: Java(TM) SE Runtime Environment (8.0_31-b13) (build 1.8.0_31-b13)
# Java VM: Java HotSpot(TM) 64-Bit Server VM (25.31-b07 mixed mode bsd-amd64 compressed oops)
# Problematic frame:
# C  [libglass.dylib+0x163fd]  GlassScreenDidChangeScreenParameters+0x9d
#
# Failed to write core dump. Core dumps have been disabled. To enable core dumping, try "ulimit -c unlimited" before starting Java again
#
# If you would like to submit a bug report, please visit:
#   http://bugreport.java.com/bugreport/crash.jsp
#

---------------  T H R E A D  ---------------

Current thread is native thread

siginfo: si_signo: 11 (SIGSEGV), si_code: 1 (SEGV_MAPERR), si_addr: 0x0000000000000000

Registers:
RAX=0x0000000125cbee40, RBX=0x0000000000000000, RCX=0x22005b5140d226e0, RDX=0x00007f962be54250
RSP=0x00007fff518b1a50, RBP=0x00007fff518b1a60, RSI=0x00007f962be0fe48, RDI=0x0000000000000000
R8 =0x00007fff518b1900, R9 =0x00007fff74f08300, R10=0x0000000000000000, R11=0x0000000000000246
R12=0x00007f962bc04980, R13=0x00000000000f4268, R14=0x00007f962bd47000, R15=0x00007fff518b1ba0
RIP=0x0000000125c8c3fd, EFLAGS=0x0000000000010206, ERR=0x0000000000000004
  TRAPNO=0x000000000000000e

Top of Stack: (sp=0x00007fff518b1a50)
0x00007fff518b1a50:   00007fff518b1c30 00007f962bd47000
0x00007fff518b1a60:   00007fff518b1a70 00007fff924a2cdc
0x00007fff518b1a70:   00007fff518b1dd0 00007fff92394244
0x00007fff518b1a80:   00007fff518b1ad0 0000000000000000
0x00007fff518b1a90:   00007fff75e32cf0 00007f962be7eb40
0x00007fff518b1aa0:   0000000000001000 00000000000009a8
0x00007fff518b1ab0:   00007f962be7eb40 00007f962bd47000
0x00007fff518b1ac0:   0000000000000000 00007fff518b1ba0
0x00007fff518b1ad0:   0000000000000000 00007f962bd46f70
0x00007fff518b1ae0:   00007fff518b1c20 0000000000000067
0x00007fff518b1af0:   00000000000f433a 00007f962bc3e590
0x00007fff518b1b00:   00007f962bc3baa0 00007f962bc04980
0x00007fff518b1b10:   0000000000000001 00000000000f4268
0x00007fff518b1b20:   00007f962bc04970 00007fff870b1acb
0x00007fff518b1b30:   0000000000000001 0000000000000001
0x00007fff518b1b40:   0000000000000030 0000000000000001
0x00007fff518b1b50:   00007fff518b1b70 00007fff870b7231
0x00007fff518b1b60:   00007fff75e30dd0 0000000000000000
0x00007fff518b1b70:   00007fff518b1b90 0000000000000006
0x00007fff518b1b80:   00033a032c965a00 00007f962bc049a4
0x00007fff518b1b90:   0000000000000000 00007fff92389d1f
0x00007fff518b1ba0:   00007f962bd47000 00007fff75e30dd0
0x00007fff518b1bb0:   00007fff518b1c30 00007fff9239284f
0x00007fff518b1bc0:   00007f962bc63df0 00007f962bf3f880
0x00007fff518b1bd0:   000000010e368a00 0000000000000002
0x00007fff518b1be0:   000000010e365000 00007f962e5ab812
0x00007fff518b1bf0:   0000000000000003 000000010e368a00
0x00007fff518b1c00:   00007fff518b1cf0 00007fff870b02a2
0x00007fff518b1c10:   00007f962bc3b630 00007fff518b1dd8
0x00007fff518b1c20:   0000000000000017 0000000000000000
0x00007fff518b1c30:   00000000000f4268 00007fff9238a013
0x00007fff518b1c40:   00007fff00000000 00007f962bf27e90 

Instructions: (pc=0x0000000125c8c3fd)
0x0000000125c8c3dd:   89 df 4c 89 f1 41 ff 90 68 04 00 00 48 8d 05 58
0x0000000125c8c3ed:   29 03 00 48 8b 30 48 8d 05 46 2a 03 00 48 8b 10
0x0000000125c8c3fd:   48 8b 0b 30 c0 48 89 df ff 91 68 04 00 00 48 8b
0x0000000125c8c40d:   03 48 89 df ff 50 78 48 85 c0 74 36 49 89 c6 48 

Register to memory mapping:

RAX=0x0000000125cbee40: jScreenNotifySettingsChanged+0 in /Library/Java/JavaVirtualMachines/jdk1.8.0_31.jdk/Contents/Home/jre/lib/libglass.dylib at 0x0000000125c76000
RBX=0x0000000000000000 is an unknown value
RCX=0x22005b5140d226e0 is an unknown value
RDX=0x00007f962be54250 is an unknown value
RSP=0x00007fff518b1a50 is an unknown value
RBP=0x00007fff518b1a60 is an unknown value
RSI=0x00007f962be0fe48 is a global jni handle
RDI=0x0000000000000000 is an unknown value
R8 =0x00007fff518b1900 is an unknown value
R9 =0x00007fff74f08300: _thread+0 in /usr/lib/system/libsystem_pthread.dylib at 0x00007fff8b9fb000
R10=0x0000000000000000 is an unknown value
R11=0x0000000000000246 is an unknown value
R12=0x00007f962bc04980 is an unknown value
R13=0x00000000000f4268 is an unknown value
R14=0x00007f962bd47000 is an unknown value
R15=0x00007fff518b1ba0 is an unknown value


Stack: [0x00007fff510b5000,0x00007fff518b5000],  sp=0x00007fff518b1a50,  free space=8178k
Native frames: (J=compiled Java code, j=interpreted, Vv=VM code, C=native code)
C  [libglass.dylib+0x163fd]  GlassScreenDidChangeScreenParameters+0x9d
C  [CoreFoundation+0x11ecdc]  __CFNOTIFICATIONCENTER_IS_CALLING_OUT_TO_AN_OBSERVER__+0xc
C  [CoreFoundation+0x10244]  _CFXNotificationPost+0xc44
C  [Foundation+0x2c31]  -[NSNotificationCenter postNotificationName:object:userInfo:]+0x42
C  [AppKit+0x36305e]  -[NSApplication _reactToScreenInvalidationImmediately:]+0x17b
C  [AppKit+0x362e9d]  __44-[NSApplication _reactToScreenInvalidation:]_block_invoke+0x4b
C  [CoreFoundation+0x8056c]  __CFRUNLOOP_IS_CALLING_OUT_TO_A_BLOCK__+0xc
C  [CoreFoundation+0x72675]  __CFRunLoopDoBlocks+0x155
C  [CoreFoundation+0x721b6]  __CFRunLoopRun+0x716
C  [CoreFoundation+0x71858]  CFRunLoopRunSpecific+0x128
C  [java+0x56cc]  CreateExecutionEnvironment+0x367
C  [java+0x165c]  JLI_Launch+0x7a0
C  [java+0x768a]  main+0x65
C  [java+0xeb4]  start+0x34


---------------  P R O C E S S  ---------------

VM state:not at safepoint (normal execution)

VM Mutex/Monitor currently owned by a thread: None

Heap:
 PSYoungGen      total 18944K, used 8157K [0x00000007aab00000, 0x00000007ad000000, 0x00000007c0000000)
  eden space 16384K, 49% used [0x00000007aab00000,0x00000007ab2f7750,0x00000007abb00000)
  from space 2560K, 0% used [0x00000007abd80000,0x00000007abd80000,0x00000007ac000000)
  to   space 2560K, 0% used [0x00000007abb00000,0x00000007abb00000,0x00000007abd80000)
 ParOldGen       total 39936K, used 9936K [0x0000000780000000, 0x0000000782700000, 0x00000007aab00000)
  object space 39936K, 24% used [0x0000000780000000,0x00000007809b4328,0x0000000782700000)
 Metaspace       used 21918K, capacity 22770K, committed 22832K, reserved 1069056K
  class space    used 3157K, capacity 3330K, committed 3376K, reserved 1048576K

Card table byte_map: [0x000000011f0df000,0x000000011f2e0000] byte_map_base: 0x000000011b4df000

Marking Bits: (ParMarkBitMap*) 0x000000010f69e410
 Begin Bits: [0x000000011f842000, 0x0000000120842000)
 End Bits:   [0x0000000120842000, 0x0000000121842000)

Polling page: 0x000000010e5a5000

CodeCache: size=245760Kb used=7073Kb max_used=7073Kb free=238686Kb
 bounds [0x000000010fd1f000, 0x000000011040f000, 0x000000011ed1f000]
 total_blobs=3081 nmethods=2415 adapters=580
 compilation: enabled

Compilation events (10 events):
Event: 9.271 Thread 0x00007f962d033800 2412       3       java.lang.invoke.MethodHandle::setVarargs (53 bytes)
Event: 9.272 Thread 0x00007f962d033800 nmethod 2412 0x0000000110407bd0 code [0x0000000110407dc0, 0x00000001104089c8]
Event: 9.272 Thread 0x00007f962d033800 2413       3       java.lang.invoke.MemberName::isVarargs (23 bytes)
Event: 9.272 Thread 0x00007f962d033800 nmethod 2413 0x0000000110408dd0 code [0x0000000110408f60, 0x00000001104094b0]
Event: 14.822 Thread 0x00007f962d033800 2414       3       java.util.regex.Matcher::groupCount (10 bytes)
Event: 14.822 Thread 0x00007f962d033800 nmethod 2414 0x0000000110409650 code [0x00000001104097c0, 0x0000000110409930]
Event: 14.822 Thread 0x00007f962d033800 2415       3       java.util.regex.Matcher::group (112 bytes)
Event: 14.823 Thread 0x00007f962d033800 nmethod 2415 0x00000001104099d0 code [0x0000000110409c00, 0x000000011040a948]
Event: 14.823 Thread 0x00007f962d033800 2416       3       javafx.scene.Parent::access$402 (7 bytes)
Event: 14.824 Thread 0x00007f962d033800 nmethod 2416 0x000000011040aed0 code [0x000000011040b020, 0x000000011040b170]

GC Heap History (10 events):
Event: 1.581 GC heap before
{Heap before GC invocations=1 (full 0):
 PSYoungGen      total 18944K, used 16384K [0x00000007aab00000, 0x00000007ac000000, 0x00000007c0000000)
  eden space 16384K, 100% used [0x00000007aab00000,0x00000007abb00000,0x00000007abb00000)
  from space 2560K, 0% used [0x00000007abd80000,0x00000007abd80000,0x00000007ac000000)
  to   space 2560K, 0% used [0x00000007abb00000,0x00000007abb00000,0x00000007abd80000)
 ParOldGen       total 44032K, used 0K [0x0000000780000000, 0x0000000782b00000, 0x00000007aab00000)
  object space 44032K, 0% used [0x0000000780000000,0x0000000780000000,0x0000000782b00000)
 Metaspace       used 9745K, capacity 10016K, committed 10368K, reserved 1058816K
  class space    used 1235K, capacity 1298K, committed 1408K, reserved 1048576K
Event: 1.586 GC heap after
Heap after GC invocations=1 (full 0):
 PSYoungGen      total 18944K, used 2384K [0x00000007aab00000, 0x00000007ac000000, 0x00000007c0000000)
  eden space 16384K, 0% used [0x00000007aab00000,0x00000007aab00000,0x00000007abb00000)
  from space 2560K, 93% used [0x00000007abb00000,0x00000007abd54040,0x00000007abd80000)
  to   space 2560K, 0% used [0x00000007abd80000,0x00000007abd80000,0x00000007ac000000)
 ParOldGen       total 44032K, used 16K [0x0000000780000000, 0x0000000782b00000, 0x00000007aab00000)
  object space 44032K, 0% used [0x0000000780000000,0x0000000780004000,0x0000000782b00000)
 Metaspace       used 9745K, capacity 10016K, committed 10368K, reserved 1058816K
  class space    used 1235K, capacity 1298K, committed 1408K, reserved 1048576K
}
Event: 2.579 GC heap before
{Heap before GC invocations=2 (full 0):
 PSYoungGen      total 18944K, used 18768K [0x00000007aab00000, 0x00000007ac000000, 0x00000007c0000000)
  eden space 16384K, 100% used [0x00000007aab00000,0x00000007abb00000,0x00000007abb00000)
  from space 2560K, 93% used [0x00000007abb00000,0x00000007abd54040,0x00000007abd80000)
  to   space 2560K, 0% used [0x00000007abd80000,0x00000007abd80000,0x00000007ac000000)
 ParOldGen       total 44032K, used 16K [0x0000000780000000, 0x0000000782b00000, 0x00000007aab00000)
  object space 44032K, 0% used [0x0000000780000000,0x0000000780004000,0x0000000782b00000)
 Metaspace       used 14386K, capacity 14882K, committed 15104K, reserved 1062912K
  class space    used 2132K, capacity 2242K, committed 2304K, reserved 1048576K
Event: 2.590 GC heap after
Heap after GC invocations=2 (full 0):
 PSYoungGen      total 18944K, used 2544K [0x00000007aab00000, 0x00000007ac000000, 0x00000007c0000000)
  eden space 16384K, 0% used [0x00000007aab00000,0x00000007aab00000,0x00000007abb00000)
  from space 2560K, 99% used [0x00000007abd80000,0x00000007abffc030,0x00000007ac000000)
  to   space 2560K, 0% used [0x00000007abb00000,0x00000007abb00000,0x00000007abd80000)
 ParOldGen       total 44032K, used 5958K [0x0000000780000000, 0x0000000782b00000, 0x00000007aab00000)
  object space 44032K, 13% used [0x0000000780000000,0x00000007805d1b80,0x0000000782b00000)
 Metaspace       used 14386K, capacity 14882K, committed 15104K, reserved 1062912K
  class space    used 2132K, capacity 2242K, committed 2304K, reserved 1048576K
}
Event: 3.989 GC heap before
{Heap before GC invocations=3 (full 0):
 PSYoungGen      total 18944K, used 18928K [0x00000007aab00000, 0x00000007ac000000, 0x00000007c0000000)
  eden space 16384K, 100% used [0x00000007aab00000,0x00000007abb00000,0x00000007abb00000)
  from space 2560K, 99% used [0x00000007abd80000,0x00000007abffc030,0x00000007ac000000)
  to   space 2560K, 0% used [0x00000007abb00000,0x00000007abb00000,0x00000007abd80000)
 ParOldGen       total 44032K, used 5958K [0x0000000780000000, 0x0000000782b00000, 0x00000007aab00000)
  object space 44032K, 13% used [0x0000000780000000,0x00000007805d1b80,0x0000000782b00000)
 Metaspace       used 17477K, capacity 18020K, committed 18304K, reserved 1064960K
  class space    used 2517K, capacity 2647K, committed 2688K, reserved 1048576K
Event: 3.998 GC heap after
Heap after GC invocations=3 (full 0):
 PSYoungGen      total 18944K, used 2544K [0x00000007aab00000, 0x00000007ac000000, 0x00000007c0000000)
  eden space 16384K, 0% used [0x00000007aab00000,0x00000007aab00000,0x00000007abb00000)
  from space 2560K, 99% used [0x00000007abb00000,0x00000007abd7c030,0x00000007abd80000)
  to   space 2560K, 0% used [0x00000007abd80000,0x00000007abd80000,0x00000007ac000000)
 ParOldGen       total 44032K, used 8661K [0x0000000780000000, 0x0000000782b00000, 0x00000007aab00000)
  object space 44032K, 19% used [0x0000000780000000,0x00000007808757a0,0x0000000782b00000)
 Metaspace       used 17477K, capacity 18020K, committed 18304K, reserved 1064960K
  class space    used 2517K, capacity 2647K, committed 2688K, reserved 1048576K
}
Event: 4.540 GC heap before
{Heap before GC invocations=4 (full 0):
 PSYoungGen      total 18944K, used 18788K [0x00000007aab00000, 0x00000007ac000000, 0x00000007c0000000)
  eden space 16384K, 99% used [0x00000007aab00000,0x00000007abadd0a0,0x00000007abb00000)
  from space 2560K, 99% used [0x00000007abb00000,0x00000007abd7c030,0x00000007abd80000)
  to   space 2560K, 0% used [0x00000007abd80000,0x00000007abd80000,0x00000007ac000000)
 ParOldGen       total 44032K, used 8661K [0x0000000780000000, 0x0000000782b00000, 0x00000007aab00000)
  object space 44032K, 19% used [0x0000000780000000,0x00000007808757a0,0x0000000782b00000)
 Metaspace       used 20589K, capacity 21116K, committed 21296K, reserved 1067008K
  class space    used 2939K, capacity 3099K, committed 3120K, reserved 1048576K
Event: 4.560 GC heap after
Heap after GC invocations=4 (full 0):
 PSYoungGen      total 18944K, used 2544K [0x00000007aab00000, 0x00000007ad000000, 0x00000007c0000000)
  eden space 16384K, 0% used [0x00000007aab00000,0x00000007aab00000,0x00000007abb00000)
  from space 2560K, 99% used [0x00000007abd80000,0x00000007abffc020,0x00000007ac000000)
  to   space 2560K, 0% used [0x00000007abb00000,0x00000007abb00000,0x00000007abd80000)
 ParOldGen       total 44032K, used 11671K [0x0000000780000000, 0x0000000782b00000, 0x00000007aab00000)
  object space 44032K, 26% used [0x0000000780000000,0x0000000780b65c38,0x0000000782b00000)
 Metaspace       used 20589K, capacity 21116K, committed 21296K, reserved 1067008K
  class space    used 2939K, capacity 3099K, committed 3120K, reserved 1048576K
}
Event: 4.560 GC heap before
{Heap before GC invocations=5 (full 1):
 PSYoungGen      total 18944K, used 2544K [0x00000007aab00000, 0x00000007ad000000, 0x00000007c0000000)
  eden space 16384K, 0% used [0x00000007aab00000,0x00000007aab00000,0x00000007abb00000)
  from space 2560K, 99% used [0x00000007abd80000,0x00000007abffc020,0x00000007ac000000)
  to   space 2560K, 0% used [0x00000007abb00000,0x00000007abb00000,0x00000007abd80000)
 ParOldGen       total 44032K, used 11671K [0x0000000780000000, 0x0000000782b00000, 0x00000007aab00000)
  object space 44032K, 26% used [0x0000000780000000,0x0000000780b65c38,0x0000000782b00000)
 Metaspace       used 20589K, capacity 21116K, committed 21296K, reserved 1067008K
  class space    used 2939K, capacity 3099K, committed 3120K, reserved 1048576K
Event: 4.617 GC heap after
Heap after GC invocations=5 (full 1):
 PSYoungGen      total 18944K, used 0K [0x00000007aab00000, 0x00000007ad000000, 0x00000007c0000000)
  eden space 16384K, 0% used [0x00000007aab00000,0x00000007aab00000,0x00000007abb00000)
  from space 2560K, 0% used [0x00000007abd80000,0x00000007abd80000,0x00000007ac000000)
  to   space 2560K, 0% used [0x00000007abb00000,0x00000007abb00000,0x00000007abd80000)
 ParOldGen       total 39936K, used 9936K [0x0000000780000000, 0x0000000782700000, 0x00000007aab00000)
  object space 39936K, 24% used [0x0000000780000000,0x00000007809b4328,0x0000000782700000)
 Metaspace       used 20588K, capacity 21114K, committed 21296K, reserved 1067008K
  class space    used 2938K, capacity 3098K, committed 3120K, reserved 1048576K
}

Deoptimization events (10 events):
Event: 3.793 Thread 0x00007f962c10a800 Uncommon trap: reason=bimorphic action=maybe_recompile pc=0x000000011008fa90 method=java.util.HashMap.putVal(ILjava/lang/Object;Ljava/lang/Object;ZZ)Ljava/lang/Object; @ 203
Event: 3.824 Thread 0x00007f962c10a800 Uncommon trap: reason=range_check action=make_not_entrant pc=0x0000000110182408 method=sun.reflect.generics.parser.SignatureParser.current()C @ 34
Event: 4.058 Thread 0x00007f962c10a800 Uncommon trap: reason=class_check action=maybe_recompile pc=0x000000011008fa38 method=java.util.HashMap.putVal(ILjava/lang/Object;Ljava/lang/Object;ZZ)Ljava/lang/Object; @ 253
Event: 4.059 Thread 0x00007f962c10a800 Uncommon trap: reason=class_check action=maybe_recompile pc=0x000000011008fa38 method=java.util.HashMap.putVal(ILjava/lang/Object;Ljava/lang/Object;ZZ)Ljava/lang/Object; @ 253
Event: 4.081 Thread 0x00007f962c10a800 Uncommon trap: reason=class_check action=maybe_recompile pc=0x000000011008fa38 method=java.util.HashMap.putVal(ILjava/lang/Object;Ljava/lang/Object;ZZ)Ljava/lang/Object; @ 253
Event: 4.125 Thread 0x00007f962c10a800 Uncommon trap: reason=class_check action=maybe_recompile pc=0x00000001101a4230 method=java.util.concurrent.ConcurrentHashMap.putVal(Ljava/lang/Object;Ljava/lang/Object;Z)Ljava/lang/Object; @ 192
Event: 4.125 Thread 0x00007f962c10a800 Uncommon trap: reason=class_check action=maybe_recompile pc=0x00000001101a4230 method=java.util.concurrent.ConcurrentHashMap.putVal(Ljava/lang/Object;Ljava/lang/Object;Z)Ljava/lang/Object; @ 192
Event: 4.127 Thread 0x00007f962c10a800 Uncommon trap: reason=class_check action=maybe_recompile pc=0x00000001101a4230 method=java.util.concurrent.ConcurrentHashMap.putVal(Ljava/lang/Object;Ljava/lang/Object;Z)Ljava/lang/Object; @ 192
Event: 4.127 Thread 0x00007f962c10a800 Uncommon trap: reason=class_check action=maybe_recompile pc=0x00000001101a4230 method=java.util.concurrent.ConcurrentHashMap.putVal(Ljava/lang/Object;Ljava/lang/Object;Z)Ljava/lang/Object; @ 192
Event: 4.310 Thread 0x00007f962c10a800 Uncommon trap: reason=null_assert action=make_not_entrant pc=0x00000001101edf3c method=java.util.concurrent.ConcurrentHashMap.putVal(Ljava/lang/Object;Ljava/lang/Object;Z)Ljava/lang/Object; @ 264

Internal exceptions (10 events):
Event: 4.839 Thread 0x00007f962c10a800 Exception <a 'java/security/PrivilegedActionException'> (0x00000007aadfa320) thrown at [/Users/java_re/workspace/8-2-build-macosx-x86_64/jdk8u31/2394/hotspot/src/share/vm/prims/jvm.cpp, line 1312]
Event: 4.853 Thread 0x00007f962c10a800 Exception <a 'java/security/PrivilegedActionException'> (0x00000007aae84300) thrown at [/Users/java_re/workspace/8-2-build-macosx-x86_64/jdk8u31/2394/hotspot/src/share/vm/prims/jvm.cpp, line 1312]
Event: 4.901 Thread 0x00007f962c10a800 Exception <a 'java/lang/ClassNotFoundException': java/util/package-info> (0x00000007aafc46e8) thrown at [/Users/java_re/workspace/8-2-build-macosx-x86_64/jdk8u31/2394/hotspot/src/share/vm/classfile/systemDictionary.cpp, line 202]
Event: 4.901 Thread 0x00007f962c10a800 Exception <a 'java/security/PrivilegedActionException'> (0x00000007aafc7000) thrown at [/Users/java_re/workspace/8-2-build-macosx-x86_64/jdk8u31/2394/hotspot/src/share/vm/prims/jvm.cpp, line 1312]
Event: 4.905 Thread 0x00007f962c10a800 Exception <a 'java/security/PrivilegedActionException'> (0x00000007aafe5418) thrown at [/Users/java_re/workspace/8-2-build-macosx-x86_64/jdk8u31/2394/hotspot/src/share/vm/prims/jvm.cpp, line 1312]
Event: 4.907 Thread 0x00007f962c10a800 Exception <a 'java/security/PrivilegedActionException'> (0x00000007aafef950) thrown at [/Users/java_re/workspace/8-2-build-macosx-x86_64/jdk8u31/2394/hotspot/src/share/vm/prims/jvm.cpp, line 1312]
Event: 4.909 Thread 0x00007f962c10a800 Exception <a 'java/security/PrivilegedActionException'> (0x00000007aaff9798) thrown at [/Users/java_re/workspace/8-2-build-macosx-x86_64/jdk8u31/2394/hotspot/src/share/vm/prims/jvm.cpp, line 1312]
Event: 4.910 Thread 0x00007f962c10a800 Exception <a 'java/security/PrivilegedActionException'> (0x00000007aaffc1c8) thrown at [/Users/java_re/workspace/8-2-build-macosx-x86_64/jdk8u31/2394/hotspot/src/share/vm/prims/jvm.cpp, line 1312]
Event: 4.919 Thread 0x00007f962c10a800 Exception <a 'java/security/PrivilegedActionException'> (0x00000007ab0077c0) thrown at [/Users/java_re/workspace/8-2-build-macosx-x86_64/jdk8u31/2394/hotspot/src/share/vm/prims/jvm.cpp, line 1312]
Event: 4.932 Thread 0x00007f962c10a800 Exception <a 'java/security/PrivilegedActionException'> (0x00000007ab03f140) thrown at [/Users/java_re/workspace/8-2-build-macosx-x86_64/jdk8u31/2394/hotspot/src/share/vm/prims/jvm.cpp, line 1312]

Events (10 events):
Event: 14.526 Executing VM operation: RevokeBias done
Event: 14.526 Executing VM operation: RevokeBias
Event: 14.526 Executing VM operation: RevokeBias done
Event: 14.527 Executing VM operation: RevokeBias
Event: 14.527 Executing VM operation: RevokeBias done
Event: 14.527 Thread 0x00007f962da75800 Thread exited: 0x00007f962da75800
Event: 14.849 loading class java/lang/Throwable$WrappedPrintStream
Event: 14.849 loading class java/lang/Throwable$PrintStreamOrWriter
Event: 14.849 loading class java/lang/Throwable$PrintStreamOrWriter done
Event: 14.849 loading class java/lang/Throwable$WrappedPrintStream done


Dynamic libraries:
0x0000000003ab7000 	/System/Library/Frameworks/Cocoa.framework/Versions/A/Cocoa
0x0000000003ab7000 	/System/Library/Frameworks/Security.framework/Versions/A/Security
0x0000000003ab7000 	/System/Library/Frameworks/ApplicationServices.framework/Versions/A/ApplicationServices
0x0000000003ab7000 	/usr/lib/libz.1.dylib
0x0000000003ab7000 	/usr/lib/libSystem.B.dylib
0x0000000003ab7000 	/usr/lib/libobjc.A.dylib
0x0000000003ab7000 	/System/Library/Frameworks/CoreFoundation.framework/Versions/A/CoreFoundation
0x0000000003ab7000 	/System/Library/Frameworks/Foundation.framework/Versions/C/Foundation
0x0000000003ab7000 	/System/Library/Frameworks/AppKit.framework/Versions/C/AppKit
0x0000000003ab7000 	/System/Library/Frameworks/CoreData.framework/Versions/A/CoreData
0x0000000003ab7000 	/System/Library/PrivateFrameworks/RemoteViewServices.framework/Versions/A/RemoteViewServices
0x0000000003ab7000 	/System/Library/PrivateFrameworks/UIFoundation.framework/Versions/A/UIFoundation
0x0000000003ab7000 	/System/Library/Frameworks/IOSurface.framework/Versions/A/IOSurface
0x0000000003ab7000 	/System/Library/Frameworks/AudioToolbox.framework/Versions/A/AudioToolbox
0x0000000003ab7000 	/System/Library/Frameworks/AudioUnit.framework/Versions/A/AudioUnit
0x0000000003ab7000 	/System/Library/PrivateFrameworks/DataDetectorsCore.framework/Versions/A/DataDetectorsCore
0x0000000003ab7000 	/System/Library/PrivateFrameworks/DesktopServicesPriv.framework/Versions/A/DesktopServicesPriv
0x0000000003ab7000 	/System/Library/Frameworks/Carbon.framework/Versions/A/Frameworks/HIToolbox.framework/Versions/A/HIToolbox
0x0000000003ab7000 	/System/Library/Frameworks/QuartzCore.framework/Versions/A/QuartzCore
0x0000000003ab7000 	/System/Library/Frameworks/Carbon.framework/Versions/A/Frameworks/SpeechRecognition.framework/Versions/A/SpeechRecognition
0x0000000003ab7000 	/usr/lib/libauto.dylib
0x0000000003ab7000 	/usr/lib/libicucore.A.dylib
0x0000000003ab7000 	/usr/lib/libxml2.2.dylib
0x0000000003ab7000 	/System/Library/PrivateFrameworks/CoreUI.framework/Versions/A/CoreUI
0x0000000003ab7000 	/System/Library/Frameworks/CoreAudio.framework/Versions/A/CoreAudio
0x0000000003ab7000 	/System/Library/Frameworks/DiskArbitration.framework/Versions/A/DiskArbitration
0x0000000003ab7000 	/usr/lib/liblangid.dylib
0x0000000003ab7000 	/System/Library/PrivateFrameworks/MultitouchSupport.framework/Versions/A/MultitouchSupport
0x0000000003ab7000 	/System/Library/Frameworks/IOKit.framework/Versions/A/IOKit
0x0000000003ab7000 	/usr/lib/libDiagnosticMessagesClient.dylib
0x0000000003ab7000 	/System/Library/Frameworks/CoreServices.framework/Versions/A/CoreServices
0x0000000003ab7000 	/System/Library/PrivateFrameworks/PerformanceAnalysis.framework/Versions/A/PerformanceAnalysis
0x0000000003ab7000 	/System/Library/PrivateFrameworks/GenerationalStorage.framework/Versions/A/GenerationalStorage
0x0000000003ab7000 	/System/Library/Frameworks/OpenGL.framework/Versions/A/OpenGL
0x0000000003ab7000 	/System/Library/PrivateFrameworks/Sharing.framework/Versions/A/Sharing
0x0000000003ab7000 	/System/Library/Frameworks/CoreGraphics.framework/Versions/A/CoreGraphics
0x0000000003ab7000 	/System/Library/Frameworks/CoreText.framework/Versions/A/CoreText
0x0000000003ab7000 	/System/Library/Frameworks/ImageIO.framework/Versions/A/ImageIO
0x0000000003ab7000 	/usr/lib/libextension.dylib
0x0000000003ab7000 	/System/Library/PrivateFrameworks/Backup.framework/Versions/A/Backup
0x0000000003ab7000 	/usr/lib/libarchive.2.dylib
0x0000000003ab7000 	/System/Library/Frameworks/CFNetwork.framework/Versions/A/CFNetwork
0x0000000003ab7000 	/System/Library/Frameworks/SystemConfiguration.framework/Versions/A/SystemConfiguration
0x0000000003ab7000 	/usr/lib/libCRFSuite.dylib
0x0000000003ab7000 	/usr/lib/libc++.1.dylib
0x0000000003ab7000 	/usr/lib/libc++abi.dylib
0x0000000003ab7000 	/usr/lib/system/libcache.dylib
0x0000000003ab7000 	/usr/lib/system/libcommonCrypto.dylib
0x0000000003ab7000 	/usr/lib/system/libcompiler_rt.dylib
0x0000000003ab7000 	/usr/lib/system/libcopyfile.dylib
0x0000000003ab7000 	/usr/lib/system/libcorecrypto.dylib
0x0000000003ab7000 	/usr/lib/system/libdispatch.dylib
0x0000000003ab7000 	/usr/lib/system/libdyld.dylib
0x0000000003ab7000 	/usr/lib/system/libkeymgr.dylib
0x0000000003ab7000 	/usr/lib/system/liblaunch.dylib
0x0000000003ab7000 	/usr/lib/system/libmacho.dylib
0x0000000003ab7000 	/usr/lib/system/libquarantine.dylib
0x0000000003ab7000 	/usr/lib/system/libremovefile.dylib
0x0000000003ab7000 	/usr/lib/system/libsystem_asl.dylib
0x0000000003ab7000 	/usr/lib/system/libsystem_blocks.dylib
0x0000000003ab7000 	/usr/lib/system/libsystem_c.dylib
0x0000000003ab7000 	/usr/lib/system/libsystem_configuration.dylib
0x0000000003ab7000 	/usr/lib/system/libsystem_coreservices.dylib
0x0000000003ab7000 	/usr/lib/system/libsystem_coretls.dylib
0x0000000003ab7000 	/usr/lib/system/libsystem_dnssd.dylib
0x0000000003ab7000 	/usr/lib/system/libsystem_info.dylib
0x0000000003ab7000 	/usr/lib/system/libsystem_kernel.dylib
0x0000000003ab7000 	/usr/lib/system/libsystem_m.dylib
0x0000000003ab7000 	/usr/lib/system/libsystem_malloc.dylib
0x0000000003ab7000 	/usr/lib/system/libsystem_network.dylib
0x0000000003ab7000 	/usr/lib/system/libsystem_networkextension.dylib
0x0000000003ab7000 	/usr/lib/system/libsystem_notify.dylib
0x0000000003ab7000 	/usr/lib/system/libsystem_platform.dylib
0x0000000003ab7000 	/usr/lib/system/libsystem_pthread.dylib
0x0000000003ab7000 	/usr/lib/system/libsystem_sandbox.dylib
0x0000000003ab7000 	/usr/lib/system/libsystem_secinit.dylib
0x0000000003ab7000 	/usr/lib/system/libsystem_stats.dylib
0x0000000003ab7000 	/usr/lib/system/libsystem_trace.dylib
0x0000000003ab7000 	/usr/lib/system/libunc.dylib
0x0000000003ab7000 	/usr/lib/system/libunwind.dylib
0x0000000003ab7000 	/usr/lib/system/libxpc.dylib
0x0000000003ab7000 	/usr/lib/libbz2.1.0.dylib
0x0000000003ab7000 	/usr/lib/liblzma.5.dylib
0x0000000003ab7000 	/usr/lib/libbsm.0.dylib
0x0000000003ab7000 	/usr/lib/libsqlite3.dylib
0x0000000003ab7000 	/usr/lib/system/libkxld.dylib
0x0000000003ab7000 	/usr/lib/libxar.1.dylib
0x0000000003ab7000 	/usr/lib/libpam.2.dylib
0x0000000003ab7000 	/usr/lib/libOpenScriptingUtil.dylib
0x0000000003ab7000 	/System/Library/Frameworks/CoreServices.framework/Versions/A/Frameworks/FSEvents.framework/Versions/A/FSEvents
0x0000000003ab7000 	/System/Library/Frameworks/CoreServices.framework/Versions/A/Frameworks/CarbonCore.framework/Versions/A/CarbonCore
0x0000000003ab7000 	/System/Library/Frameworks/CoreServices.framework/Versions/A/Frameworks/Metadata.framework/Versions/A/Metadata
0x0000000003ab7000 	/System/Library/Frameworks/CoreServices.framework/Versions/A/Frameworks/OSServices.framework/Versions/A/OSServices
0x0000000003ab7000 	/System/Library/Frameworks/CoreServices.framework/Versions/A/Frameworks/SearchKit.framework/Versions/A/SearchKit
0x0000000003ab7000 	/System/Library/Frameworks/CoreServices.framework/Versions/A/Frameworks/AE.framework/Versions/A/AE
0x0000000003ab7000 	/System/Library/Frameworks/CoreServices.framework/Versions/A/Frameworks/LaunchServices.framework/Versions/A/LaunchServices
0x0000000003ab7000 	/System/Library/Frameworks/CoreServices.framework/Versions/A/Frameworks/DictionaryServices.framework/Versions/A/DictionaryServices
0x0000000003ab7000 	/System/Library/Frameworks/NetFS.framework/Versions/A/NetFS
0x0000000003ab7000 	/System/Library/PrivateFrameworks/NetAuth.framework/Versions/A/NetAuth
0x0000000003ab7000 	/System/Library/PrivateFrameworks/login.framework/Versions/A/Frameworks/loginsupport.framework/Versions/A/loginsupport
0x0000000003ab7000 	/System/Library/PrivateFrameworks/TCC.framework/Versions/A/TCC
0x0000000003ab7000 	/usr/lib/libmecabra.dylib
0x0000000003ab7000 	/System/Library/Frameworks/ApplicationServices.framework/Versions/A/Frameworks/ATS.framework/Versions/A/ATS
0x0000000003ab7000 	/System/Library/Frameworks/ApplicationServices.framework/Versions/A/Frameworks/ColorSync.framework/Versions/A/ColorSync
0x0000000003ab7000 	/System/Library/Frameworks/ApplicationServices.framework/Versions/A/Frameworks/HIServices.framework/Versions/A/HIServices
0x0000000003ab7000 	/System/Library/Frameworks/ApplicationServices.framework/Versions/A/Frameworks/LangAnalysis.framework/Versions/A/LangAnalysis
0x0000000003ab7000 	/System/Library/Frameworks/ApplicationServices.framework/Versions/A/Frameworks/PrintCore.framework/Versions/A/PrintCore
0x0000000003ab7000 	/System/Library/Frameworks/ApplicationServices.framework/Versions/A/Frameworks/QD.framework/Versions/A/QD
0x0000000003ab7000 	/System/Library/Frameworks/ApplicationServices.framework/Versions/A/Frameworks/SpeechSynthesis.framework/Versions/A/SpeechSynthesis
0x0000000003ab7000 	/System/Library/Frameworks/Accelerate.framework/Versions/A/Accelerate
0x0000000003ab7000 	/System/Library/Frameworks/Accelerate.framework/Versions/A/Frameworks/vImage.framework/Versions/A/vImage
0x0000000003ab7000 	/System/Library/Frameworks/Accelerate.framework/Versions/A/Frameworks/vecLib.framework/Versions/A/vecLib
0x0000000003ab7000 	/System/Library/Frameworks/Accelerate.framework/Versions/A/Frameworks/vecLib.framework/Versions/A/libvDSP.dylib
0x0000000003ab7000 	/System/Library/Frameworks/Accelerate.framework/Versions/A/Frameworks/vecLib.framework/Versions/A/libvMisc.dylib
0x0000000003ab7000 	/System/Library/Frameworks/Accelerate.framework/Versions/A/Frameworks/vecLib.framework/Versions/A/libLAPACK.dylib
0x0000000003ab7000 	/System/Library/Frameworks/Accelerate.framework/Versions/A/Frameworks/vecLib.framework/Versions/A/libBLAS.dylib
0x0000000003ab7000 	/System/Library/Frameworks/Accelerate.framework/Versions/A/Frameworks/vecLib.framework/Versions/A/libLinearAlgebra.dylib
0x0000000003ab7000 	/System/Library/Frameworks/ApplicationServices.framework/Versions/A/Frameworks/ATS.framework/Versions/A/Resources/libFontParser.dylib
0x0000000003ab7000 	/System/Library/Frameworks/ApplicationServices.framework/Versions/A/Frameworks/ATS.framework/Versions/A/Resources/libFontRegistry.dylib
0x0000000003ab7000 	/System/Library/PrivateFrameworks/AppleVPA.framework/Versions/A/AppleVPA
0x0000000003ab7000 	/System/Library/PrivateFrameworks/AppleJPEG.framework/Versions/A/AppleJPEG
0x0000000003ab7000 	/System/Library/Frameworks/ImageIO.framework/Versions/A/Resources/libJPEG.dylib
0x0000000003ab7000 	/System/Library/Frameworks/ImageIO.framework/Versions/A/Resources/libTIFF.dylib
0x0000000003ab7000 	/System/Library/Frameworks/ImageIO.framework/Versions/A/Resources/libPng.dylib
0x0000000003ab7000 	/System/Library/Frameworks/ImageIO.framework/Versions/A/Resources/libGIF.dylib
0x0000000003ab7000 	/System/Library/Frameworks/ImageIO.framework/Versions/A/Resources/libJP2.dylib
0x0000000003ab7000 	/System/Library/Frameworks/ImageIO.framework/Versions/A/Resources/libRadiance.dylib
0x0000000003ab7000 	/System/Library/Frameworks/CoreVideo.framework/Versions/A/CoreVideo
0x0000000003ab7000 	/System/Library/Frameworks/OpenGL.framework/Versions/A/Libraries/libGLU.dylib
0x0000000003ab7000 	/System/Library/Frameworks/OpenGL.framework/Versions/A/Libraries/libGFXShared.dylib
0x0000000003ab7000 	/System/Library/Frameworks/OpenGL.framework/Versions/A/Libraries/libGL.dylib
0x0000000003ab7000 	/System/Library/Frameworks/OpenGL.framework/Versions/A/Libraries/libGLImage.dylib
0x0000000003ab7000 	/System/Library/Frameworks/OpenGL.framework/Versions/A/Libraries/libCVMSPluginSupport.dylib
0x0000000003ab7000 	/System/Library/Frameworks/OpenGL.framework/Versions/A/Libraries/libCoreVMClient.dylib
0x0000000003ab7000 	/usr/lib/libcups.2.dylib
0x0000000003ab7000 	/System/Library/Frameworks/Kerberos.framework/Versions/A/Kerberos
0x0000000003ab7000 	/System/Library/Frameworks/GSS.framework/Versions/A/GSS
0x0000000003ab7000 	/usr/lib/libresolv.9.dylib
0x0000000003ab7000 	/usr/lib/libiconv.2.dylib
0x0000000003ab7000 	/System/Library/PrivateFrameworks/Heimdal.framework/Versions/A/Heimdal
0x0000000003ab7000 	/usr/lib/libheimdal-asn1.dylib
0x0000000003ab7000 	/System/Library/Frameworks/OpenDirectory.framework/Versions/A/OpenDirectory
0x0000000003ab7000 	/System/Library/PrivateFrameworks/CommonAuth.framework/Versions/A/CommonAuth
0x0000000003ab7000 	/System/Library/Frameworks/OpenDirectory.framework/Versions/A/Frameworks/CFOpenDirectory.framework/Versions/A/CFOpenDirectory
0x0000000003ab7000 	/System/Library/Frameworks/SecurityFoundation.framework/Versions/A/SecurityFoundation
0x0000000003ab7000 	/System/Library/PrivateFrameworks/LanguageModeling.framework/Versions/A/LanguageModeling
0x0000000003ab7000 	/usr/lib/libcmph.dylib
0x0000000003ab7000 	/System/Library/Frameworks/ServiceManagement.framework/Versions/A/ServiceManagement
0x0000000003ab7000 	/usr/lib/libxslt.1.dylib
0x0000000003ab7000 	/System/Library/Frameworks/Carbon.framework/Versions/A/Frameworks/Ink.framework/Versions/A/Ink
0x0000000003ab7000 	/System/Library/Frameworks/QuartzCore.framework/Versions/A/Frameworks/CoreImage.framework/Versions/A/CoreImage
0x0000000003ab7000 	/System/Library/PrivateFrameworks/CrashReporterSupport.framework/Versions/A/CrashReporterSupport
0x0000000003ab7000 	/System/Library/Frameworks/OpenCL.framework/Versions/A/OpenCL
0x0000000003ab7000 	/System/Library/PrivateFrameworks/FaceCore.framework/Versions/A/FaceCore
0x0000000003ab7000 	/System/Library/PrivateFrameworks/Ubiquity.framework/Versions/A/Ubiquity
0x0000000003ab7000 	/System/Library/PrivateFrameworks/IconServices.framework/Versions/A/IconServices
0x0000000003ab7000 	/System/Library/PrivateFrameworks/ChunkingLibrary.framework/Versions/A/ChunkingLibrary
0x0000000003ab7000 	/System/Library/PrivateFrameworks/Apple80211.framework/Versions/A/Apple80211
0x0000000003ab7000 	/System/Library/Frameworks/CoreWLAN.framework/Versions/A/CoreWLAN
0x0000000003ab7000 	/System/Library/Frameworks/IOBluetooth.framework/Versions/A/IOBluetooth
0x0000000003ab7000 	/System/Library/PrivateFrameworks/CoreWiFi.framework/Versions/A/CoreWiFi
0x0000000003ab7000 	/System/Library/Frameworks/CoreBluetooth.framework/Versions/A/CoreBluetooth
0x0000000003ab7000 	/System/Library/PrivateFrameworks/DebugSymbols.framework/Versions/A/DebugSymbols
0x0000000003ab7000 	/System/Library/PrivateFrameworks/CoreSymbolication.framework/Versions/A/CoreSymbolication
0x0000000003ab7000 	/System/Library/PrivateFrameworks/Symbolication.framework/Versions/A/Symbolication
0x0000000003ab7000 	/System/Library/PrivateFrameworks/SpeechRecognitionCore.framework/Versions/A/SpeechRecognitionCore
0x000000010ee00000 	/Library/Java/JavaVirtualMachines/jdk1.8.0_31.jdk/Contents/Home/jre/lib/server/libjvm.dylib
0x0000000003ab7000 	/usr/lib/libstdc++.6.dylib
0x000000010e563000 	/Library/Java/JavaVirtualMachines/jdk1.8.0_31.jdk/Contents/Home/jre/lib/libverify.dylib
0x000000010e571000 	/Library/Java/JavaVirtualMachines/jdk1.8.0_31.jdk/Contents/Home/jre/lib/libjava.dylib
0x000000010e5af000 	/Library/Java/JavaVirtualMachines/jdk1.8.0_31.jdk/Contents/Home/jre/lib/libzip.dylib
0x00000001237ef000 	/System/Library/Frameworks/JavaVM.framework/Frameworks/JavaRuntimeSupport.framework/JavaRuntimeSupport
0x0000000123805000 	/System/Library/Frameworks/JavaVM.framework/Versions/A/Frameworks/JavaNativeFoundation.framework/Versions/A/JavaNativeFoundation
0x0000000123819000 	/System/Library/Frameworks/JavaVM.framework/Versions/A/JavaVM
0x0000000003ab7000 	/System/Library/Frameworks/Carbon.framework/Versions/A/Carbon
0x000000010e5f5000 	/System/Library/PrivateFrameworks/JavaLaunching.framework/Versions/A/JavaLaunching
0x0000000003ab7000 	/System/Library/Frameworks/Carbon.framework/Versions/A/Frameworks/CommonPanels.framework/Versions/A/CommonPanels
0x0000000003ab7000 	/System/Library/Frameworks/Carbon.framework/Versions/A/Frameworks/Help.framework/Versions/A/Help
0x0000000003ab7000 	/System/Library/Frameworks/Carbon.framework/Versions/A/Frameworks/ImageCapture.framework/Versions/A/ImageCapture
0x0000000003ab7000 	/System/Library/Frameworks/Carbon.framework/Versions/A/Frameworks/OpenScripting.framework/Versions/A/OpenScripting
0x0000000003ab7000 	/System/Library/Frameworks/Carbon.framework/Versions/A/Frameworks/Print.framework/Versions/A/Print
0x0000000003ab7000 	/System/Library/Frameworks/Carbon.framework/Versions/A/Frameworks/SecurityHI.framework/Versions/A/SecurityHI
0x00000001257c9000 	/Library/Java/JavaVirtualMachines/jdk1.8.0_31.jdk/Contents/Home/jre/lib/libprism_es2.dylib
0x0000000003ab7000 	/System/Library/Frameworks/OpenGL.framework/Versions/A/Resources/GLEngine.bundle/GLEngine
0x0000000003ab7000 	/System/Library/Frameworks/OpenGL.framework/Versions/A/Libraries/libGLProgrammability.dylib
0x0000000000000000 	/System/Library/Extensions/AppleIntelHD5000GraphicsGLDriver.bundle/Contents/MacOS/AppleIntelHD5000GraphicsGLDriver
0x0000000003ab7000 	/System/Library/PrivateFrameworks/IOAccelerator.framework/Versions/A/IOAccelerator
0x0000000003ab7000 	/System/Library/PrivateFrameworks/GPUSupport.framework/Versions/A/Libraries/libGPUSupportMercury.dylib
0x0000000003ab7000 	/System/Library/Frameworks/OpenGL.framework/Versions/A/Resources/GLRendererFloat.bundle/GLRendererFloat
0x0000000003ab7000 	/System/Library/Frameworks/OpenCL.framework/Versions/A/Libraries/libcldcpuengine.dylib
0x0000000003ab7000 	/System/Library/PrivateFrameworks/DiskImages.framework/Versions/A/DiskImages
0x0000000003ab7000 	/System/Library/Frameworks/DiscRecording.framework/Versions/A/DiscRecording
0x0000000003ab7000 	/usr/lib/libcsfde.dylib
0x0000000003ab7000 	/usr/lib/libcurl.4.dylib
0x0000000003ab7000 	/System/Library/PrivateFrameworks/MediaKit.framework/Versions/A/MediaKit
0x0000000003ab7000 	/System/Library/PrivateFrameworks/ProtectedCloudStorage.framework/Versions/A/ProtectedCloudStorage
0x0000000003ab7000 	/usr/lib/libCoreStorage.dylib
0x0000000003ab7000 	/System/Library/PrivateFrameworks/EFILogin.framework/Versions/A/EFILogin
0x0000000003ab7000 	/usr/lib/libutil.dylib
0x0000000003ab7000 	/System/Library/PrivateFrameworks/FindMyDevice.framework/Versions/A/FindMyDevice
0x0000000003ab7000 	/System/Library/Frameworks/LDAP.framework/Versions/A/LDAP
0x0000000003ab7000 	/usr/lib/libsasl2.2.dylib
0x0000000003ab7000 	/System/Library/PrivateFrameworks/CoreDaemon.framework/Versions/B/CoreDaemon
0x0000000003ab7000 	/usr/lib/libcrypto.0.9.8.dylib
0x0000000003ab7000 	/System/Library/PrivateFrameworks/AppleSRP.framework/Versions/A/AppleSRP
0x0000000003ab7000 	/System/Library/PrivateFrameworks/TrustEvaluationAgent.framework/Versions/A/TrustEvaluationAgent
0x0000000125c76000 	/Library/Java/JavaVirtualMachines/jdk1.8.0_31.jdk/Contents/Home/jre/lib/libglass.dylib
0x0000000003ab7000 	/System/Library/PrivateFrameworks/CoreServicesInternal.framework/Versions/A/CoreServicesInternal
0x0000000003ab7000 	/System/Library/PrivateFrameworks/CloudDocs.framework/Versions/A/CloudDocs
0x0000000003ab7000 	/System/Library/PrivateFrameworks/CoreDuet.framework/Versions/A/CoreDuet
0x0000000003ab7000 	/System/Library/Frameworks/CloudKit.framework/Versions/A/CloudKit
0x0000000003ab7000 	/System/Library/PrivateFrameworks/ProtocolBuffer.framework/Versions/A/ProtocolBuffer
0x0000000003ab7000 	/System/Library/PrivateFrameworks/CoreDuetDaemonProtocol.framework/Versions/A/CoreDuetDaemonProtocol
0x0000000003ab7000 	/System/Library/PrivateFrameworks/CoreDuetDebugLogging.framework/Versions/A/CoreDuetDebugLogging
0x0000000003ab7000 	/System/Library/Frameworks/CoreLocation.framework/Versions/A/CoreLocation
0x0000000003ab7000 	/System/Library/Frameworks/Accounts.framework/Versions/A/Accounts
0x0000000003ab7000 	/System/Library/PrivateFrameworks/ApplePushService.framework/Versions/A/ApplePushService
0x0000000003ab7000 	/System/Library/PrivateFrameworks/GeoServices.framework/Versions/A/GeoServices
0x0000000003ab7000 	/System/Library/PrivateFrameworks/OAuth.framework/Versions/A/OAuth
0x0000000003ab7000 	/System/Library/Frameworks/CoreGraphics.framework/Versions/A/Resources/libCGCMS.A.dylib
0x0000000003ab7000 	/System/Library/CoreServices/RawCamera.bundle/Contents/MacOS/RawCamera
0x0000000003ab7000 	/System/Library/Frameworks/CoreGraphics.framework/Versions/A/Resources/libRIP.A.dylib
0x0000000003ab7000 	/System/Library/PrivateFrameworks/FamilyControls.framework/Versions/A/FamilyControls
0x0000000003ab7000 	/System/Library/PrivateFrameworks/CommerceKit.framework/Versions/A/Frameworks/CommerceCore.framework/Versions/A/CommerceCore
0x0000000003ab7000 	/System/Library/PrivateFrameworks/SystemAdministration.framework/Versions/A/SystemAdministration
0x0000000003ab7000 	/System/Library/PrivateFrameworks/AppContainer.framework/Versions/A/AppContainer
0x0000000003ab7000 	/System/Library/PrivateFrameworks/SecCodeWrapper.framework/Versions/A/SecCodeWrapper
0x0000000003ab7000 	/System/Library/Frameworks/DirectoryService.framework/Versions/A/DirectoryService
0x0000000003ab7000 	/System/Library/PrivateFrameworks/LoginUIKit.framework/Versions/A/Frameworks/LoginUICore.framework/Versions/A/LoginUICore
0x0000000003ab7000 	/usr/lib/libodfde.dylib
0x0000000003ab7000 	/System/Library/Frameworks/CoreGraphics.framework/Versions/A/Resources/libCGXType.A.dylib
0x000000012a732000 	cl_kernels
0x000000012a734000 	/System/Library/Frameworks/OpenCL.framework/Versions/A/Libraries/ImageFormats/unorm8_bgra.dylib
0x000000012a723000 	cl_kernels
0x000000012a972000 	/Library/Java/JavaVirtualMachines/jdk1.8.0_31.jdk/Contents/Home/jre/lib/libjavafx_font.dylib
0x000000012b1c7000 	/Library/Java/JavaVirtualMachines/jdk1.8.0_31.jdk/Contents/Home/jre/lib/libprism_common.dylib
0x0000000129c43000 	/Library/Java/JavaVirtualMachines/jdk1.8.0_31.jdk/Contents/Home/jre/lib/libnet.dylib

VM Arguments:
jvm_args: -Dfile.encoding=UTF-8 
java_command: com.tradify.Main input_10000.txt
java_class_path (initial): /Users/darshanbidkar/Documents/workspace/TradifyApp/bin:/Users/darshanbidkar/Documents/workspace/TradifyApp/lib/asm-debug-all-5.0.2.jar:/Users/darshanbidkar/Documents/workspace/TradifyApp/lib/genson-1.2.jar:/Users/darshanbidkar/Documents/workspace/TradifyApp/lib/javassist-3.18.1-GA.jar:/Users/darshanbidkar/Documents/workspace/TradifyApp/lib/javax.annotation-api-1.2.jar:/Users/darshanbidkar/Documents/workspace/TradifyApp/lib/javax.inject-2.4.0-b09.jar:/Users/darshanbidkar/Documents/workspace/TradifyApp/lib/javax.ws.rs-api-2.0.1.jar:/Users/darshanbidkar/Documents/workspace/TradifyApp/lib/jaxb-api-2.2.7.jar:/Users/darshanbidkar/Documents/workspace/TradifyApp/lib/jersey-client.jar:/Users/darshanbidkar/Documents/workspace/TradifyApp/lib/jersey-common.jar:/Users/darshanbidkar/Documents/workspace/TradifyApp/lib/jersey-guava-2.16.jar:/Users/darshanbidkar/Documents/workspace/TradifyApp/lib/jersey-media-jaxb.jar:/Users/darshanbidkar/Documents/workspace/TradifyApp/lib/org.osgi.core-4.2.0.jar:/Users/darshanbidkar/Documents/workspace/TradifyApp/lib/osgi-resource-locator-1.0.1.jar:/Users/darshanbidkar/Documents/workspace/TradifyApp/lib/hk2-api-2.4.0-b09.jar:/Users/darshanbidkar/Documents/workspace/TradifyApp/lib/hk2-locator-2.4.0-b09.jar:/Users/darshanbidkar/Documents/workspace/TradifyApp/lib/hk2-utils-2.4.0-b09.jar:/Users/darshanbidkar/Documents/workspace/TradifyApp/lib/openjfx-dialogs-1.0.2.jar:/Users/darshanbidkar/Documents/workspace/TradifyApp/lib/activation.jar:/Users/darshanbidkar/Documents/workspace/TradifyApp/lib/mail.jar:/Users/darshanbidkar/Documents/workspace/TradifyApp/lib/jersey-media-multipart-2.13.jar:/Users/darshanbidkar/Documents/workspace/TradifyApp/lib/mysql-connector-java-5.1.34-bin.jar
Launcher Type: SUN_STANDARD

Environment Variables:
PATH=/usr/bin:/bin:/usr/sbin:/sbin
SHELL=/bin/bash
DISPLAY=/private/tmp/com.apple.launchd.NUXXil4BcZ/org.macosforge.xquartz:0

Signal Handlers:
SIGSEGV: [libjvm.dylib+0x57a0e7], sa_mask[0]=11111111011111110111111111111111, sa_flags=SA_ONSTACK|SA_RESTART|SA_SIGINFO
SIGBUS: [libjvm.dylib+0x57a0e7], sa_mask[0]=11111111011111110111111111111111, sa_flags=SA_RESTART|SA_SIGINFO
SIGFPE: [libjvm.dylib+0x45af24], sa_mask[0]=11111111011111110111111111111111, sa_flags=SA_RESTART|SA_SIGINFO
SIGPIPE: [libjvm.dylib+0x45af24], sa_mask[0]=11111111011111110111111111111111, sa_flags=SA_RESTART|SA_SIGINFO
SIGXFSZ: [libjvm.dylib+0x45af24], sa_mask[0]=11111111011111110111111111111111, sa_flags=SA_RESTART|SA_SIGINFO
SIGILL: [libjvm.dylib+0x45af24], sa_mask[0]=11111111011111110111111111111111, sa_flags=SA_RESTART|SA_SIGINFO
SIGUSR1: SIG_DFL, sa_mask[0]=00000000000000000000000000000000, sa_flags=none
SIGUSR2: [libjvm.dylib+0x45aa42], sa_mask[0]=00100000000000000000000000000000, sa_flags=SA_RESTART|SA_SIGINFO
SIGHUP: [libjvm.dylib+0x459015], sa_mask[0]=11111111011111110111111111111111, sa_flags=SA_RESTART|SA_SIGINFO
SIGINT: [libjvm.dylib+0x459015], sa_mask[0]=11111111011111110111111111111111, sa_flags=SA_RESTART|SA_SIGINFO
SIGTERM: [libjvm.dylib+0x459015], sa_mask[0]=11111111011111110111111111111111, sa_flags=SA_RESTART|SA_SIGINFO
SIGQUIT: [libjvm.dylib+0x459015], sa_mask[0]=11111111011111110111111111111111, sa_flags=SA_RESTART|SA_SIGINFO


---------------  S Y S T E M  ---------------

OS:Bsduname:Darwin 14.1.0 Darwin Kernel Version 14.1.0: Thu Feb 26 19:26:47 PST 2015; root:xnu-2782.10.73~1/RELEASE_X86_64 x86_64
rlimit: STACK 8192k, CORE 0k, NPROC 709, NOFILE 10240, AS infinity
load average:2.07 2.10 2.12

CPU:total 4 (2 cores per cpu, 2 threads per core) family 6 model 69 stepping 1, cmov, cx8, fxsr, mmx, sse, sse2, sse3, ssse3, sse4.1, sse4.2, popcnt, avx, avx2, aes, clmul, erms, lzcnt, ht, tsc, tscinvbit, bmi1, bmi2

Memory: 4k page, physical 4194304k(28492k free)

/proc/meminfo:


vm_info: Java HotSpot(TM) 64-Bit Server VM (25.31-b07) for bsd-amd64 JRE (1.8.0_31-b13), built on Dec 17 2014 20:45:36 by "java_re" with gcc 4.2.1 (Based on Apple Inc. build 5658) (LLVM build 2336.11.00)

time: Sun Mar 29 01:01:33 2015
elapsed time: 137 seconds (0d 0h 2m 17s)

