#
# A fatal error has been detected by the Java Runtime Environment:
#
#  SIGSEGV (0xb) at pc=0x00000001a55193fd, pid=889, tid=1811
#
# JRE version: Java(TM) SE Runtime Environment (8.0_31-b13) (build 1.8.0_31-b13)
# Java VM: Java HotSpot(TM) 64-Bit Server VM (25.31-b07 mixed mode bsd-amd64 compressed oops)
# Problematic frame:
# C  [libglass.dylib+0x163fd]  GlassScreenDidChangeScreenParameters+0x9d
#
# Failed to write core dump. Core dumps have been disabled. To enable core dumping, try "ulimit -c unlimited" before starting Java again
#
# If you would like to submit a bug report, please visit:
#   http://bugreport.java.com/bugreport/crash.jsp
#

---------------  T H R E A D  ---------------

Current thread is native thread

siginfo: si_signo: 11 (SIGSEGV), si_code: 1 (SEGV_MAPERR), si_addr: 0x0000000000000000

Registers:
RAX=0x00000001a554be40, RBX=0x0000000000000000, RCX=0xf10028637f1e81d7, RDX=0x00007fc759567500
RSP=0x00007fff52224a50, RBP=0x00007fff52224a60, RSI=0x00007fc7594043b8, RDI=0x0000000000000000
R8 =0x00007fff52224900, R9 =0x00007fff74f08300, R10=0x0000000000000000, R11=0x0000000000000246
R12=0x00007fc75971a870, R13=0x00000000000f4268, R14=0x00007fc7594498c0, R15=0x00007fff52224ba0
RIP=0x00000001a55193fd, EFLAGS=0x0000000000010206, ERR=0x0000000000000004
  TRAPNO=0x000000000000000e

Top of Stack: (sp=0x00007fff52224a50)
0x00007fff52224a50:   00007fff52224c30 00007fc7594498c0
0x00007fff52224a60:   00007fff52224a70 00007fff924a2cdc
0x00007fff52224a70:   00007fff52224dd0 00007fff92394244
0x00007fff52224a80:   00007fff52224ad0 0000000000001e00
0x00007fff52224a90:   00007fff75e32cf0 00007fc7595afa20
0x00007fff52224aa0:   0000000000001003 00000000000009a8
0x00007fff52224ab0:   00007fc7595afa20 00007fc7594498c0
0x00007fff52224ac0:   0000000000000000 00007fff52224ba0
0x00007fff52224ad0:   0000000000000000 00007fc759449830
0x00007fff52224ae0:   00007fff52224c20 0000000000000067
0x00007fff52224af0:   00000000000f4346 00007fc7595e9cc0
0x00007fff52224b00:   00007fc759733830 00007fc75971a870
0x00007fff52224b10:   0000000000000001 00000000000f4268
0x00007fff52224b20:   00007fc75971a860 00007fff870b1acb
0x00007fff52224b30:   0000000000000001 0000000000000001
0x00007fff52224b40:   0000000000000030 0000000000000001
0x00007fff52224b50:   00007fff52224b70 00007fff870b7231
0x00007fff52224b60:   00007fff75e30dd0 0000000000000000
0x00007fff52224b70:   00007fff52224b90 0000000000000019
0x00007fff52224b80:   0002f5035a906e00 00007fc75971a894
0x00007fff52224b90:   0000000000000000 00007fff92389d1f
0x00007fff52224ba0:   00007fc7594498c0 00007fff75e30dd0
0x00007fff52224bb0:   00007fff52224c30 00007fff9239284f
0x00007fff52224bc0:   00007fc7595b80e0 00007fc75974b7d0
0x00007fff52224bd0:   000000010d9f5a00 0000000000000002
0x00007fff52224be0:   000000010d9f2000 00007fc7595aac72
0x00007fff52224bf0:   0000000000000003 000000010d9f7800
0x00007fff52224c00:   00007fff52224cf0 00007fff870b02a2
0x00007fff52224c10:   00007fc759536640 00007fff52224dd8
0x00007fff52224c20:   0000000000000017 0000000000000000
0x00007fff52224c30:   00000000000f4268 00007fff9238a013
0x00007fff52224c40:   00007fff00000000 00007fc7594372e0 

Instructions: (pc=0x00000001a55193fd)
0x00000001a55193dd:   89 df 4c 89 f1 41 ff 90 68 04 00 00 48 8d 05 58
0x00000001a55193ed:   29 03 00 48 8b 30 48 8d 05 46 2a 03 00 48 8b 10
0x00000001a55193fd:   48 8b 0b 30 c0 48 89 df ff 91 68 04 00 00 48 8b
0x00000001a551940d:   03 48 89 df ff 50 78 48 85 c0 74 36 49 89 c6 48 

Register to memory mapping:

RAX=0x00000001a554be40: jScreenNotifySettingsChanged+0 in /Library/Java/JavaVirtualMachines/jdk1.8.0_31.jdk/Contents/Home/jre/lib/libglass.dylib at 0x00000001a5503000
RBX=0x0000000000000000 is an unknown value
RCX=0xf10028637f1e81d7 is an unknown value
RDX=0x00007fc759567500 is an unknown value
RSP=0x00007fff52224a50 is an unknown value
RBP=0x00007fff52224a60 is an unknown value
RSI=0x00007fc7594043b8 is a global jni handle
RDI=0x0000000000000000 is an unknown value
R8 =0x00007fff52224900 is an unknown value
R9 =0x00007fff74f08300: _thread+0 in /usr/lib/system/libsystem_pthread.dylib at 0x00007fff8b9fb000
R10=0x0000000000000000 is an unknown value
R11=0x0000000000000246 is an unknown value
R12=0x00007fc75971a870 is an unknown value
R13=0x00000000000f4268 is an unknown value
R14=0x00007fc7594498c0 is an unknown value
R15=0x00007fff52224ba0 is an unknown value


Stack: [0x00007fff51a28000,0x00007fff52228000],  sp=0x00007fff52224a50,  free space=8178k
Native frames: (J=compiled Java code, j=interpreted, Vv=VM code, C=native code)
C  [libglass.dylib+0x163fd]  GlassScreenDidChangeScreenParameters+0x9d
C  [CoreFoundation+0x11ecdc]  __CFNOTIFICATIONCENTER_IS_CALLING_OUT_TO_AN_OBSERVER__+0xc
C  [CoreFoundation+0x10244]  _CFXNotificationPost+0xc44
C  [Foundation+0x2c31]  -[NSNotificationCenter postNotificationName:object:userInfo:]+0x42
C  [AppKit+0x36305e]  -[NSApplication _reactToScreenInvalidationImmediately:]+0x17b
C  [AppKit+0x362e9d]  __44-[NSApplication _reactToScreenInvalidation:]_block_invoke+0x4b
C  [CoreFoundation+0x8056c]  __CFRUNLOOP_IS_CALLING_OUT_TO_A_BLOCK__+0xc
C  [CoreFoundation+0x72675]  __CFRunLoopDoBlocks+0x155
C  [CoreFoundation+0x721b6]  __CFRunLoopRun+0x716
C  [CoreFoundation+0x71858]  CFRunLoopRunSpecific+0x128
C  [java+0x56cc]  CreateExecutionEnvironment+0x367
C  [java+0x165c]  JLI_Launch+0x7a0
C  [java+0x768a]  main+0x65
C  [java+0xeb4]  start+0x34


---------------  P R O C E S S  ---------------

VM state:not at safepoint (normal execution)

VM Mutex/Monitor currently owned by a thread: None

Heap:
 PSYoungGen      total 18944K, used 8582K [0x0000000149500000, 0x000000014aa00000, 0x000000015ea00000)
  eden space 16384K, 52% used [0x0000000149500000,0x0000000149d61ae8,0x000000014a500000)
  from space 2560K, 0% used [0x000000014a780000,0x000000014a780000,0x000000014aa00000)
  to   space 2560K, 0% used [0x000000014a500000,0x000000014a500000,0x000000014a780000)
 ParOldGen       total 41984K, used 10176K [0x000000011ea00000, 0x0000000121300000, 0x0000000149500000)
  object space 41984K, 24% used [0x000000011ea00000,0x000000011f3f0040,0x0000000121300000)
 Metaspace       used 22031K, capacity 22888K, committed 23088K, reserved 1069056K
  class space    used 3158K, capacity 3331K, committed 3376K, reserved 1048576K

Card table byte_map: [0x000000015ea00000,0x000000015ec01000] byte_map_base: 0x000000015e10b000

Marking Bits: (ParMarkBitMap*) 0x000000010ec9e410
 Begin Bits: [0x000000015f163000, 0x0000000160163000)
 End Bits:   [0x0000000160163000, 0x0000000161163000)

Polling page: 0x000000010dbfe000

CodeCache: size=245760Kb used=7473Kb max_used=7479Kb free=238286Kb
 bounds [0x000000010f364000, 0x000000010fac4000, 0x000000011e364000]
 total_blobs=3188 nmethods=2522 adapters=580
 compilation: enabled

Compilation events (10 events):
Event: 21.248 Thread 0x00007fc75a012800 2519       4       jdk.internal.org.objectweb.asm.ClassWriter::newUTF8 (70 bytes)
Event: 21.248 Thread 0x00007fc759865000 2522       3       java.lang.invoke.DirectMethodHandle::make (199 bytes)
Event: 21.250 Thread 0x00007fc759865000 nmethod 2522 0x000000010faafc90 code [0x000000010faaffc0, 0x000000010fab17c8]
Event: 21.250 Thread 0x00007fc759865000 2520       3       java.lang.invoke.MethodHandleNatives::isCallerSensitive (29 bytes)
Event: 21.250 Thread 0x00007fc759865000 nmethod 2520 0x000000010faa9790 code [0x000000010faa9940, 0x000000010faa9fe8]
Event: 21.250 Thread 0x00007fc759865000 2521       3       java.lang.invoke.MethodHandleNatives::canBeCalledVirtual (132 bytes)
Event: 21.251 Thread 0x00007fc759865000 nmethod 2521 0x000000010fab2310 code [0x000000010fab2500, 0x000000010fab2e38]
Event: 21.251 Thread 0x00007fc759865000 2523       3       java.lang.invoke.MethodHandle::setVarargs (53 bytes)
Event: 21.252 Thread 0x00007fc759865000 nmethod 2523 0x000000010fab3090 code [0x000000010fab3280, 0x000000010fab3e88]
Event: 21.269 Thread 0x00007fc75a012800 nmethod 2519 0x000000010fab5750 code [0x000000010fab5960, 0x000000010fab66b0]

GC Heap History (10 events):
Event: 1.134 GC heap before
{Heap before GC invocations=1 (full 0):
 PSYoungGen      total 18944K, used 16384K [0x0000000149500000, 0x000000014aa00000, 0x000000015ea00000)
  eden space 16384K, 100% used [0x0000000149500000,0x000000014a500000,0x000000014a500000)
  from space 2560K, 0% used [0x000000014a780000,0x000000014a780000,0x000000014aa00000)
  to   space 2560K, 0% used [0x000000014a500000,0x000000014a500000,0x000000014a780000)
 ParOldGen       total 44032K, used 0K [0x000000011ea00000, 0x0000000121500000, 0x0000000149500000)
  object space 44032K, 0% used [0x000000011ea00000,0x000000011ea00000,0x0000000121500000)
 Metaspace       used 9749K, capacity 10000K, committed 10368K, reserved 1058816K
  class space    used 1229K, capacity 1298K, committed 1408K, reserved 1048576K
Event: 1.140 GC heap after
Heap after GC invocations=1 (full 0):
 PSYoungGen      total 18944K, used 2368K [0x0000000149500000, 0x000000014aa00000, 0x000000015ea00000)
  eden space 16384K, 0% used [0x0000000149500000,0x0000000149500000,0x000000014a500000)
  from space 2560K, 92% used [0x000000014a500000,0x000000014a750050,0x000000014a780000)
  to   space 2560K, 0% used [0x000000014a780000,0x000000014a780000,0x000000014aa00000)
 ParOldGen       total 44032K, used 8K [0x000000011ea00000, 0x0000000121500000, 0x0000000149500000)
  object space 44032K, 0% used [0x000000011ea00000,0x000000011ea02000,0x0000000121500000)
 Metaspace       used 9749K, capacity 10000K, committed 10368K, reserved 1058816K
  class space    used 1229K, capacity 1298K, committed 1408K, reserved 1048576K
}
Event: 2.705 GC heap before
{Heap before GC invocations=2 (full 0):
 PSYoungGen      total 18944K, used 18752K [0x0000000149500000, 0x000000014aa00000, 0x000000015ea00000)
  eden space 16384K, 100% used [0x0000000149500000,0x000000014a500000,0x000000014a500000)
  from space 2560K, 92% used [0x000000014a500000,0x000000014a750050,0x000000014a780000)
  to   space 2560K, 0% used [0x000000014a780000,0x000000014a780000,0x000000014aa00000)
 ParOldGen       total 44032K, used 8K [0x000000011ea00000, 0x0000000121500000, 0x0000000149500000)
  object space 44032K, 0% used [0x000000011ea00000,0x000000011ea02000,0x0000000121500000)
 Metaspace       used 14527K, capacity 15010K, committed 15104K, reserved 1062912K
  class space    used 2145K, capacity 2246K, committed 2304K, reserved 1048576K
Event: 2.717 GC heap after
Heap after GC invocations=2 (full 0):
 PSYoungGen      total 18944K, used 2528K [0x0000000149500000, 0x000000014aa00000, 0x000000015ea00000)
  eden space 16384K, 0% used [0x0000000149500000,0x0000000149500000,0x000000014a500000)
  from space 2560K, 98% used [0x000000014a780000,0x000000014a9f8020,0x000000014aa00000)
  to   space 2560K, 0% used [0x000000014a500000,0x000000014a500000,0x000000014a780000)
 ParOldGen       total 44032K, used 6006K [0x000000011ea00000, 0x0000000121500000, 0x0000000149500000)
  object space 44032K, 13% used [0x000000011ea00000,0x000000011efddb80,0x0000000121500000)
 Metaspace       used 14527K, capacity 15010K, committed 15104K, reserved 1062912K
  class space    used 2145K, capacity 2246K, committed 2304K, reserved 1048576K
}
Event: 3.660 GC heap before
{Heap before GC invocations=3 (full 0):
 PSYoungGen      total 18944K, used 18912K [0x0000000149500000, 0x000000014aa00000, 0x000000015ea00000)
  eden space 16384K, 100% used [0x0000000149500000,0x000000014a500000,0x000000014a500000)
  from space 2560K, 98% used [0x000000014a780000,0x000000014a9f8020,0x000000014aa00000)
  to   space 2560K, 0% used [0x000000014a500000,0x000000014a500000,0x000000014a780000)
 ParOldGen       total 44032K, used 6006K [0x000000011ea00000, 0x0000000121500000, 0x0000000149500000)
  object space 44032K, 13% used [0x000000011ea00000,0x000000011efddb80,0x0000000121500000)
 Metaspace       used 17521K, capacity 18164K, committed 18304K, reserved 1064960K
  class space    used 2531K, capacity 2679K, committed 2688K, reserved 1048576K
Event: 3.671 GC heap after
Heap after GC invocations=3 (full 0):
 PSYoungGen      total 18944K, used 2544K [0x0000000149500000, 0x000000014aa00000, 0x000000015ea00000)
  eden space 16384K, 0% used [0x0000000149500000,0x0000000149500000,0x000000014a500000)
  from space 2560K, 99% used [0x000000014a500000,0x000000014a77c030,0x000000014a780000)
  to   space 2560K, 0% used [0x000000014a780000,0x000000014a780000,0x000000014aa00000)
 ParOldGen       total 44032K, used 8764K [0x000000011ea00000, 0x0000000121500000, 0x0000000149500000)
  object space 44032K, 19% used [0x000000011ea00000,0x000000011f28f160,0x0000000121500000)
 Metaspace       used 17521K, capacity 18164K, committed 18304K, reserved 1064960K
  class space    used 2531K, capacity 2679K, committed 2688K, reserved 1048576K
}
Event: 4.350 GC heap before
{Heap before GC invocations=4 (full 0):
 PSYoungGen      total 18944K, used 18240K [0x0000000149500000, 0x000000014aa00000, 0x000000015ea00000)
  eden space 16384K, 95% used [0x0000000149500000,0x000000014a4541d0,0x000000014a500000)
  from space 2560K, 99% used [0x000000014a500000,0x000000014a77c030,0x000000014a780000)
  to   space 2560K, 0% used [0x000000014a780000,0x000000014a780000,0x000000014aa00000)
 ParOldGen       total 44032K, used 8764K [0x000000011ea00000, 0x0000000121500000, 0x0000000149500000)
  object space 44032K, 19% used [0x000000011ea00000,0x000000011f28f160,0x0000000121500000)
 Metaspace       used 20582K, capacity 21164K, committed 21296K, reserved 1067008K
  class space    used 2936K, capacity 3099K, committed 3120K, reserved 1048576K
Event: 4.359 GC heap after
Heap after GC invocations=4 (full 0):
 PSYoungGen      total 18944K, used 2544K [0x0000000149500000, 0x000000014aa00000, 0x000000015ea00000)
  eden space 16384K, 0% used [0x0000000149500000,0x0000000149500000,0x000000014a500000)
  from space 2560K, 99% used [0x000000014a780000,0x000000014a9fc030,0x000000014aa00000)
  to   space 2560K, 0% used [0x000000014a500000,0x000000014a500000,0x000000014a780000)
 ParOldGen       total 44032K, used 11767K [0x000000011ea00000, 0x0000000121500000, 0x0000000149500000)
  object space 44032K, 26% used [0x000000011ea00000,0x000000011f57dc48,0x0000000121500000)
 Metaspace       used 20582K, capacity 21164K, committed 21296K, reserved 1067008K
  class space    used 2936K, capacity 3099K, committed 3120K, reserved 1048576K
}
Event: 4.360 GC heap before
{Heap before GC invocations=5 (full 1):
 PSYoungGen      total 18944K, used 2544K [0x0000000149500000, 0x000000014aa00000, 0x000000015ea00000)
  eden space 16384K, 0% used [0x0000000149500000,0x0000000149500000,0x000000014a500000)
  from space 2560K, 99% used [0x000000014a780000,0x000000014a9fc030,0x000000014aa00000)
  to   space 2560K, 0% used [0x000000014a500000,0x000000014a500000,0x000000014a780000)
 ParOldGen       total 44032K, used 11767K [0x000000011ea00000, 0x0000000121500000, 0x0000000149500000)
  object space 44032K, 26% used [0x000000011ea00000,0x000000011f57dc48,0x0000000121500000)
 Metaspace       used 20582K, capacity 21164K, committed 21296K, reserved 1067008K
  class space    used 2936K, capacity 3099K, committed 3120K, reserved 1048576K
Event: 4.414 GC heap after
Heap after GC invocations=5 (full 1):
 PSYoungGen      total 18944K, used 0K [0x0000000149500000, 0x000000014aa00000, 0x000000015ea00000)
  eden space 16384K, 0% used [0x0000000149500000,0x0000000149500000,0x000000014a500000)
  from space 2560K, 0% used [0x000000014a780000,0x000000014a780000,0x000000014aa00000)
  to   space 2560K, 0% used [0x000000014a500000,0x000000014a500000,0x000000014a780000)
 ParOldGen       total 41984K, used 10176K [0x000000011ea00000, 0x0000000121300000, 0x0000000149500000)
  object space 41984K, 24% used [0x000000011ea00000,0x000000011f3f0040,0x0000000121300000)
 Metaspace       used 20580K, capacity 21162K, committed 21296K, reserved 1067008K
  class space    used 2935K, capacity 3098K, committed 3120K, reserved 1048576K
}

Deoptimization events (10 events):
Event: 3.652 Thread 0x00007fc75a8be800 Uncommon trap: reason=class_check action=maybe_recompile pc=0x000000010f68d6c0 method=java.util.HashMap.putVal(ILjava/lang/Object;Ljava/lang/Object;ZZ)Ljava/lang/Object; @ 253
Event: 3.714 Thread 0x00007fc75a8be800 Uncommon trap: reason=bimorphic action=maybe_recompile pc=0x000000010f7f1aec method=java.util.HashMap.putVal(ILjava/lang/Object;Ljava/lang/Object;ZZ)Ljava/lang/Object; @ 152
Event: 3.714 Thread 0x00007fc75a8be800 Uncommon trap: reason=bimorphic action=maybe_recompile pc=0x000000010f7f1aec method=java.util.HashMap.putVal(ILjava/lang/Object;Ljava/lang/Object;ZZ)Ljava/lang/Object; @ 152
Event: 3.714 Thread 0x00007fc75a8be800 Uncommon trap: reason=bimorphic action=maybe_recompile pc=0x000000010f7f1aec method=java.util.HashMap.putVal(ILjava/lang/Object;Ljava/lang/Object;ZZ)Ljava/lang/Object; @ 152
Event: 3.794 Thread 0x00007fc75a8be800 Uncommon trap: reason=class_check action=maybe_recompile pc=0x000000010f7dc530 method=java.util.concurrent.ConcurrentHashMap.putVal(Ljava/lang/Object;Ljava/lang/Object;Z)Ljava/lang/Object; @ 192
Event: 3.795 Thread 0x00007fc75a8be800 Uncommon trap: reason=class_check action=maybe_recompile pc=0x000000010f7dc530 method=java.util.concurrent.ConcurrentHashMap.putVal(Ljava/lang/Object;Ljava/lang/Object;Z)Ljava/lang/Object; @ 192
Event: 3.797 Thread 0x00007fc75a8be800 Uncommon trap: reason=class_check action=maybe_recompile pc=0x000000010f7dc530 method=java.util.concurrent.ConcurrentHashMap.putVal(Ljava/lang/Object;Ljava/lang/Object;Z)Ljava/lang/Object; @ 192
Event: 3.797 Thread 0x00007fc75a8be800 Uncommon trap: reason=class_check action=maybe_recompile pc=0x000000010f7dc530 method=java.util.concurrent.ConcurrentHashMap.putVal(Ljava/lang/Object;Ljava/lang/Object;Z)Ljava/lang/Object; @ 192
Event: 3.982 Thread 0x00007fc75a8be800 Uncommon trap: reason=null_assert action=make_not_entrant pc=0x000000010f8250fc method=java.util.concurrent.ConcurrentHashMap.putVal(Ljava/lang/Object;Ljava/lang/Object;Z)Ljava/lang/Object; @ 264
Event: 4.465 Thread 0x00007fc75a8be800 Uncommon trap: reason=unreached action=reinterpret pc=0x000000010f7c6f00 method=java.util.WeakHashMap.expungeStaleEntries()V @ 9

Internal exceptions (10 events):
Event: 4.631 Thread 0x00007fc75a8be800 Exception <a 'java/security/PrivilegedActionException'> (0x000000014987d8c0) thrown at [/Users/java_re/workspace/8-2-build-macosx-x86_64/jdk8u31/2394/hotspot/src/share/vm/prims/jvm.cpp, line 1312]
Event: 4.682 Thread 0x00007fc75a8be800 Exception <a 'java/lang/ClassNotFoundException': java/util/package-info> (0x00000001499bd9f0) thrown at [/Users/java_re/workspace/8-2-build-macosx-x86_64/jdk8u31/2394/hotspot/src/share/vm/classfile/systemDictionary.cpp, line 202]
Event: 4.682 Thread 0x00007fc75a8be800 Exception <a 'java/security/PrivilegedActionException'> (0x00000001499c0308) thrown at [/Users/java_re/workspace/8-2-build-macosx-x86_64/jdk8u31/2394/hotspot/src/share/vm/prims/jvm.cpp, line 1312]
Event: 4.685 Thread 0x00007fc75a8be800 Exception <a 'java/security/PrivilegedActionException'> (0x00000001499dc800) thrown at [/Users/java_re/workspace/8-2-build-macosx-x86_64/jdk8u31/2394/hotspot/src/share/vm/prims/jvm.cpp, line 1312]
Event: 4.687 Thread 0x00007fc75a8be800 Exception <a 'java/security/PrivilegedActionException'> (0x00000001499e8c58) thrown at [/Users/java_re/workspace/8-2-build-macosx-x86_64/jdk8u31/2394/hotspot/src/share/vm/prims/jvm.cpp, line 1312]
Event: 4.688 Thread 0x00007fc75a8be800 Exception <a 'java/security/PrivilegedActionException'> (0x00000001499f2a78) thrown at [/Users/java_re/workspace/8-2-build-macosx-x86_64/jdk8u31/2394/hotspot/src/share/vm/prims/jvm.cpp, line 1312]
Event: 4.689 Thread 0x00007fc75a8be800 Exception <a 'java/security/PrivilegedActionException'> (0x00000001499f54a8) thrown at [/Users/java_re/workspace/8-2-build-macosx-x86_64/jdk8u31/2394/hotspot/src/share/vm/prims/jvm.cpp, line 1312]
Event: 4.698 Thread 0x00007fc75a8be800 Exception <a 'java/security/PrivilegedActionException'> (0x0000000149a00ac8) thrown at [/Users/java_re/workspace/8-2-build-macosx-x86_64/jdk8u31/2394/hotspot/src/share/vm/prims/jvm.cpp, line 1312]
Event: 4.707 Thread 0x00007fc75a8be800 Exception <a 'java/security/PrivilegedActionException'> (0x0000000149a384d0) thrown at [/Users/java_re/workspace/8-2-build-macosx-x86_64/jdk8u31/2394/hotspot/src/share/vm/prims/jvm.cpp, line 1312]
Event: 10.371 Thread 0x00007fc75b1f8000 Exception <a 'java/security/PrivilegedActionException'> (0x0000000149c0c098) thrown at [/Users/java_re/workspace/8-2-build-macosx-x86_64/jdk8u31/2394/hotspot/src/share/vm/prims/jvm.cpp, line 1312]

Events (10 events):
Event: 21.245 loading class javafx/application/Application done
Event: 21.248 loading class com/sun/javafx/tk/quantum/QuantumRenderer
Event: 21.248 loading class com/sun/javafx/tk/quantum/QuantumRenderer done
Event: 21.248 loading class com/sun/javafx/tk/quantum/QuantumToolkit
Event: 21.248 loading class com/sun/javafx/tk/quantum/QuantumToolkit done
Event: 21.248 Thread 0x00007fc759918000 Thread exited: 0x00007fc759918000
Event: 21.249 Thread 0x00007fc75a957000 Thread exited: 0x00007fc75a957000
Event: 21.249 Thread 0x00007fc75b007000 Thread exited: 0x00007fc75b007000
Event: 21.249 Thread 0x00007fc75a8be800 Thread exited: 0x00007fc75a8be800
Event: 21.249 Thread 0x00007fc75a0b7800 Thread added: 0x00007fc75a0b7800


Dynamic libraries:
0x0000000003ab7000 	/System/Library/Frameworks/Cocoa.framework/Versions/A/Cocoa
0x0000000003ab7000 	/System/Library/Frameworks/Security.framework/Versions/A/Security
0x0000000003ab7000 	/System/Library/Frameworks/ApplicationServices.framework/Versions/A/ApplicationServices
0x0000000003ab7000 	/usr/lib/libz.1.dylib
0x0000000003ab7000 	/usr/lib/libSystem.B.dylib
0x0000000003ab7000 	/usr/lib/libobjc.A.dylib
0x0000000003ab7000 	/System/Library/Frameworks/CoreFoundation.framework/Versions/A/CoreFoundation
0x0000000003ab7000 	/System/Library/Frameworks/Foundation.framework/Versions/C/Foundation
0x0000000003ab7000 	/System/Library/Frameworks/AppKit.framework/Versions/C/AppKit
0x0000000003ab7000 	/System/Library/Frameworks/CoreData.framework/Versions/A/CoreData
0x0000000003ab7000 	/System/Library/PrivateFrameworks/RemoteViewServices.framework/Versions/A/RemoteViewServices
0x0000000003ab7000 	/System/Library/PrivateFrameworks/UIFoundation.framework/Versions/A/UIFoundation
0x0000000003ab7000 	/System/Library/Frameworks/IOSurface.framework/Versions/A/IOSurface
0x0000000003ab7000 	/System/Library/Frameworks/AudioToolbox.framework/Versions/A/AudioToolbox
0x0000000003ab7000 	/System/Library/Frameworks/AudioUnit.framework/Versions/A/AudioUnit
0x0000000003ab7000 	/System/Library/PrivateFrameworks/DataDetectorsCore.framework/Versions/A/DataDetectorsCore
0x0000000003ab7000 	/System/Library/PrivateFrameworks/DesktopServicesPriv.framework/Versions/A/DesktopServicesPriv
0x0000000003ab7000 	/System/Library/Frameworks/Carbon.framework/Versions/A/Frameworks/HIToolbox.framework/Versions/A/HIToolbox
0x0000000003ab7000 	/System/Library/Frameworks/QuartzCore.framework/Versions/A/QuartzCore
0x0000000003ab7000 	/System/Library/Frameworks/Carbon.framework/Versions/A/Frameworks/SpeechRecognition.framework/Versions/A/SpeechRecognition
0x0000000003ab7000 	/usr/lib/libauto.dylib
0x0000000003ab7000 	/usr/lib/libicucore.A.dylib
0x0000000003ab7000 	/usr/lib/libxml2.2.dylib
0x0000000003ab7000 	/System/Library/PrivateFrameworks/CoreUI.framework/Versions/A/CoreUI
0x0000000003ab7000 	/System/Library/Frameworks/CoreAudio.framework/Versions/A/CoreAudio
0x0000000003ab7000 	/System/Library/Frameworks/DiskArbitration.framework/Versions/A/DiskArbitration
0x0000000003ab7000 	/usr/lib/liblangid.dylib
0x0000000003ab7000 	/System/Library/PrivateFrameworks/MultitouchSupport.framework/Versions/A/MultitouchSupport
0x0000000003ab7000 	/System/Library/Frameworks/IOKit.framework/Versions/A/IOKit
0x0000000003ab7000 	/usr/lib/libDiagnosticMessagesClient.dylib
0x0000000003ab7000 	/System/Library/Frameworks/CoreServices.framework/Versions/A/CoreServices
0x0000000003ab7000 	/System/Library/PrivateFrameworks/PerformanceAnalysis.framework/Versions/A/PerformanceAnalysis
0x0000000003ab7000 	/System/Library/PrivateFrameworks/GenerationalStorage.framework/Versions/A/GenerationalStorage
0x0000000003ab7000 	/System/Library/Frameworks/OpenGL.framework/Versions/A/OpenGL
0x0000000003ab7000 	/System/Library/PrivateFrameworks/Sharing.framework/Versions/A/Sharing
0x0000000003ab7000 	/System/Library/Frameworks/CoreGraphics.framework/Versions/A/CoreGraphics
0x0000000003ab7000 	/System/Library/Frameworks/CoreText.framework/Versions/A/CoreText
0x0000000003ab7000 	/System/Library/Frameworks/ImageIO.framework/Versions/A/ImageIO
0x0000000003ab7000 	/usr/lib/libextension.dylib
0x0000000003ab7000 	/System/Library/PrivateFrameworks/Backup.framework/Versions/A/Backup
0x0000000003ab7000 	/usr/lib/libarchive.2.dylib
0x0000000003ab7000 	/System/Library/Frameworks/CFNetwork.framework/Versions/A/CFNetwork
0x0000000003ab7000 	/System/Library/Frameworks/SystemConfiguration.framework/Versions/A/SystemConfiguration
0x0000000003ab7000 	/usr/lib/libCRFSuite.dylib
0x0000000003ab7000 	/usr/lib/libc++.1.dylib
0x0000000003ab7000 	/usr/lib/libc++abi.dylib
0x0000000003ab7000 	/usr/lib/system/libcache.dylib
0x0000000003ab7000 	/usr/lib/system/libcommonCrypto.dylib
0x0000000003ab7000 	/usr/lib/system/libcompiler_rt.dylib
0x0000000003ab7000 	/usr/lib/system/libcopyfile.dylib
0x0000000003ab7000 	/usr/lib/system/libcorecrypto.dylib
0x0000000003ab7000 	/usr/lib/system/libdispatch.dylib
0x0000000003ab7000 	/usr/lib/system/libdyld.dylib
0x0000000003ab7000 	/usr/lib/system/libkeymgr.dylib
0x0000000003ab7000 	/usr/lib/system/liblaunch.dylib
0x0000000003ab7000 	/usr/lib/system/libmacho.dylib
0x0000000003ab7000 	/usr/lib/system/libquarantine.dylib
0x0000000003ab7000 	/usr/lib/system/libremovefile.dylib
0x0000000003ab7000 	/usr/lib/system/libsystem_asl.dylib
0x0000000003ab7000 	/usr/lib/system/libsystem_blocks.dylib
0x0000000003ab7000 	/usr/lib/system/libsystem_c.dylib
0x0000000003ab7000 	/usr/lib/system/libsystem_configuration.dylib
0x0000000003ab7000 	/usr/lib/system/libsystem_coreservices.dylib
0x0000000003ab7000 	/usr/lib/system/libsystem_coretls.dylib
0x0000000003ab7000 	/usr/lib/system/libsystem_dnssd.dylib
0x0000000003ab7000 	/usr/lib/system/libsystem_info.dylib
0x0000000003ab7000 	/usr/lib/system/libsystem_kernel.dylib
0x0000000003ab7000 	/usr/lib/system/libsystem_m.dylib
0x0000000003ab7000 	/usr/lib/system/libsystem_malloc.dylib
0x0000000003ab7000 	/usr/lib/system/libsystem_network.dylib
0x0000000003ab7000 	/usr/lib/system/libsystem_networkextension.dylib
0x0000000003ab7000 	/usr/lib/system/libsystem_notify.dylib
0x0000000003ab7000 	/usr/lib/system/libsystem_platform.dylib
0x0000000003ab7000 	/usr/lib/system/libsystem_pthread.dylib
0x0000000003ab7000 	/usr/lib/system/libsystem_sandbox.dylib
0x0000000003ab7000 	/usr/lib/system/libsystem_secinit.dylib
0x0000000003ab7000 	/usr/lib/system/libsystem_stats.dylib
0x0000000003ab7000 	/usr/lib/system/libsystem_trace.dylib
0x0000000003ab7000 	/usr/lib/system/libunc.dylib
0x0000000003ab7000 	/usr/lib/system/libunwind.dylib
0x0000000003ab7000 	/usr/lib/system/libxpc.dylib
0x0000000003ab7000 	/usr/lib/libbz2.1.0.dylib
0x0000000003ab7000 	/usr/lib/liblzma.5.dylib
0x0000000003ab7000 	/usr/lib/libbsm.0.dylib
0x0000000003ab7000 	/usr/lib/libsqlite3.dylib
0x0000000003ab7000 	/usr/lib/system/libkxld.dylib
0x0000000003ab7000 	/usr/lib/libxar.1.dylib
0x0000000003ab7000 	/usr/lib/libpam.2.dylib
0x0000000003ab7000 	/usr/lib/libOpenScriptingUtil.dylib
0x0000000003ab7000 	/System/Library/Frameworks/CoreServices.framework/Versions/A/Frameworks/FSEvents.framework/Versions/A/FSEvents
0x0000000003ab7000 	/System/Library/Frameworks/CoreServices.framework/Versions/A/Frameworks/CarbonCore.framework/Versions/A/CarbonCore
0x0000000003ab7000 	/System/Library/Frameworks/CoreServices.framework/Versions/A/Frameworks/Metadata.framework/Versions/A/Metadata
0x0000000003ab7000 	/System/Library/Frameworks/CoreServices.framework/Versions/A/Frameworks/OSServices.framework/Versions/A/OSServices
0x0000000003ab7000 	/System/Library/Frameworks/CoreServices.framework/Versions/A/Frameworks/SearchKit.framework/Versions/A/SearchKit
0x0000000003ab7000 	/System/Library/Frameworks/CoreServices.framework/Versions/A/Frameworks/AE.framework/Versions/A/AE
0x0000000003ab7000 	/System/Library/Frameworks/CoreServices.framework/Versions/A/Frameworks/LaunchServices.framework/Versions/A/LaunchServices
0x0000000003ab7000 	/System/Library/Frameworks/CoreServices.framework/Versions/A/Frameworks/DictionaryServices.framework/Versions/A/DictionaryServices
0x0000000003ab7000 	/System/Library/Frameworks/NetFS.framework/Versions/A/NetFS
0x0000000003ab7000 	/System/Library/PrivateFrameworks/NetAuth.framework/Versions/A/NetAuth
0x0000000003ab7000 	/System/Library/PrivateFrameworks/login.framework/Versions/A/Frameworks/loginsupport.framework/Versions/A/loginsupport
0x0000000003ab7000 	/System/Library/PrivateFrameworks/TCC.framework/Versions/A/TCC
0x0000000003ab7000 	/usr/lib/libmecabra.dylib
0x0000000003ab7000 	/System/Library/Frameworks/ApplicationServices.framework/Versions/A/Frameworks/ATS.framework/Versions/A/ATS
0x0000000003ab7000 	/System/Library/Frameworks/ApplicationServices.framework/Versions/A/Frameworks/ColorSync.framework/Versions/A/ColorSync
0x0000000003ab7000 	/System/Library/Frameworks/ApplicationServices.framework/Versions/A/Frameworks/HIServices.framework/Versions/A/HIServices
0x0000000003ab7000 	/System/Library/Frameworks/ApplicationServices.framework/Versions/A/Frameworks/LangAnalysis.framework/Versions/A/LangAnalysis
0x0000000003ab7000 	/System/Library/Frameworks/ApplicationServices.framework/Versions/A/Frameworks/PrintCore.framework/Versions/A/PrintCore
0x0000000003ab7000 	/System/Library/Frameworks/ApplicationServices.framework/Versions/A/Frameworks/QD.framework/Versions/A/QD
0x0000000003ab7000 	/System/Library/Frameworks/ApplicationServices.framework/Versions/A/Frameworks/SpeechSynthesis.framework/Versions/A/SpeechSynthesis
0x0000000003ab7000 	/System/Library/Frameworks/Accelerate.framework/Versions/A/Accelerate
0x0000000003ab7000 	/System/Library/Frameworks/Accelerate.framework/Versions/A/Frameworks/vImage.framework/Versions/A/vImage
0x0000000003ab7000 	/System/Library/Frameworks/Accelerate.framework/Versions/A/Frameworks/vecLib.framework/Versions/A/vecLib
0x0000000003ab7000 	/System/Library/Frameworks/Accelerate.framework/Versions/A/Frameworks/vecLib.framework/Versions/A/libvDSP.dylib
0x0000000003ab7000 	/System/Library/Frameworks/Accelerate.framework/Versions/A/Frameworks/vecLib.framework/Versions/A/libvMisc.dylib
0x0000000003ab7000 	/System/Library/Frameworks/Accelerate.framework/Versions/A/Frameworks/vecLib.framework/Versions/A/libLAPACK.dylib
0x0000000003ab7000 	/System/Library/Frameworks/Accelerate.framework/Versions/A/Frameworks/vecLib.framework/Versions/A/libBLAS.dylib
0x0000000003ab7000 	/System/Library/Frameworks/Accelerate.framework/Versions/A/Frameworks/vecLib.framework/Versions/A/libLinearAlgebra.dylib
0x0000000003ab7000 	/System/Library/Frameworks/ApplicationServices.framework/Versions/A/Frameworks/ATS.framework/Versions/A/Resources/libFontParser.dylib
0x0000000003ab7000 	/System/Library/Frameworks/ApplicationServices.framework/Versions/A/Frameworks/ATS.framework/Versions/A/Resources/libFontRegistry.dylib
0x0000000003ab7000 	/System/Library/PrivateFrameworks/AppleVPA.framework/Versions/A/AppleVPA
0x0000000003ab7000 	/System/Library/PrivateFrameworks/AppleJPEG.framework/Versions/A/AppleJPEG
0x0000000003ab7000 	/System/Library/Frameworks/ImageIO.framework/Versions/A/Resources/libJPEG.dylib
0x0000000003ab7000 	/System/Library/Frameworks/ImageIO.framework/Versions/A/Resources/libTIFF.dylib
0x0000000003ab7000 	/System/Library/Frameworks/ImageIO.framework/Versions/A/Resources/libPng.dylib
0x0000000003ab7000 	/System/Library/Frameworks/ImageIO.framework/Versions/A/Resources/libGIF.dylib
0x0000000003ab7000 	/System/Library/Frameworks/ImageIO.framework/Versions/A/Resources/libJP2.dylib
0x0000000003ab7000 	/System/Library/Frameworks/ImageIO.framework/Versions/A/Resources/libRadiance.dylib
0x0000000003ab7000 	/System/Library/Frameworks/CoreVideo.framework/Versions/A/CoreVideo
0x0000000003ab7000 	/System/Library/Frameworks/OpenGL.framework/Versions/A/Libraries/libGLU.dylib
0x0000000003ab7000 	/System/Library/Frameworks/OpenGL.framework/Versions/A/Libraries/libGFXShared.dylib
0x0000000003ab7000 	/System/Library/Frameworks/OpenGL.framework/Versions/A/Libraries/libGL.dylib
0x0000000003ab7000 	/System/Library/Frameworks/OpenGL.framework/Versions/A/Libraries/libGLImage.dylib
0x0000000003ab7000 	/System/Library/Frameworks/OpenGL.framework/Versions/A/Libraries/libCVMSPluginSupport.dylib
0x0000000003ab7000 	/System/Library/Frameworks/OpenGL.framework/Versions/A/Libraries/libCoreVMClient.dylib
0x0000000003ab7000 	/usr/lib/libcups.2.dylib
0x0000000003ab7000 	/System/Library/Frameworks/Kerberos.framework/Versions/A/Kerberos
0x0000000003ab7000 	/System/Library/Frameworks/GSS.framework/Versions/A/GSS
0x0000000003ab7000 	/usr/lib/libresolv.9.dylib
0x0000000003ab7000 	/usr/lib/libiconv.2.dylib
0x0000000003ab7000 	/System/Library/PrivateFrameworks/Heimdal.framework/Versions/A/Heimdal
0x0000000003ab7000 	/usr/lib/libheimdal-asn1.dylib
0x0000000003ab7000 	/System/Library/Frameworks/OpenDirectory.framework/Versions/A/OpenDirectory
0x0000000003ab7000 	/System/Library/PrivateFrameworks/CommonAuth.framework/Versions/A/CommonAuth
0x0000000003ab7000 	/System/Library/Frameworks/OpenDirectory.framework/Versions/A/Frameworks/CFOpenDirectory.framework/Versions/A/CFOpenDirectory
0x0000000003ab7000 	/System/Library/Frameworks/SecurityFoundation.framework/Versions/A/SecurityFoundation
0x0000000003ab7000 	/System/Library/PrivateFrameworks/LanguageModeling.framework/Versions/A/LanguageModeling
0x0000000003ab7000 	/usr/lib/libcmph.dylib
0x0000000003ab7000 	/System/Library/Frameworks/ServiceManagement.framework/Versions/A/ServiceManagement
0x0000000003ab7000 	/usr/lib/libxslt.1.dylib
0x0000000003ab7000 	/System/Library/Frameworks/Carbon.framework/Versions/A/Frameworks/Ink.framework/Versions/A/Ink
0x0000000003ab7000 	/System/Library/Frameworks/QuartzCore.framework/Versions/A/Frameworks/CoreImage.framework/Versions/A/CoreImage
0x0000000003ab7000 	/System/Library/PrivateFrameworks/CrashReporterSupport.framework/Versions/A/CrashReporterSupport
0x0000000003ab7000 	/System/Library/Frameworks/OpenCL.framework/Versions/A/OpenCL
0x0000000003ab7000 	/System/Library/PrivateFrameworks/FaceCore.framework/Versions/A/FaceCore
0x0000000003ab7000 	/System/Library/PrivateFrameworks/Ubiquity.framework/Versions/A/Ubiquity
0x0000000003ab7000 	/System/Library/PrivateFrameworks/IconServices.framework/Versions/A/IconServices
0x0000000003ab7000 	/System/Library/PrivateFrameworks/ChunkingLibrary.framework/Versions/A/ChunkingLibrary
0x0000000003ab7000 	/System/Library/PrivateFrameworks/Apple80211.framework/Versions/A/Apple80211
0x0000000003ab7000 	/System/Library/Frameworks/CoreWLAN.framework/Versions/A/CoreWLAN
0x0000000003ab7000 	/System/Library/Frameworks/IOBluetooth.framework/Versions/A/IOBluetooth
0x0000000003ab7000 	/System/Library/PrivateFrameworks/CoreWiFi.framework/Versions/A/CoreWiFi
0x0000000003ab7000 	/System/Library/Frameworks/CoreBluetooth.framework/Versions/A/CoreBluetooth
0x0000000003ab7000 	/System/Library/PrivateFrameworks/DebugSymbols.framework/Versions/A/DebugSymbols
0x0000000003ab7000 	/System/Library/PrivateFrameworks/CoreSymbolication.framework/Versions/A/CoreSymbolication
0x0000000003ab7000 	/System/Library/PrivateFrameworks/Symbolication.framework/Versions/A/Symbolication
0x0000000003ab7000 	/System/Library/PrivateFrameworks/SpeechRecognitionCore.framework/Versions/A/SpeechRecognitionCore
0x000000010e400000 	/Library/Java/JavaVirtualMachines/jdk1.8.0_31.jdk/Contents/Home/jre/lib/server/libjvm.dylib
0x0000000003ab7000 	/usr/lib/libstdc++.6.dylib
0x000000010dbf0000 	/Library/Java/JavaVirtualMachines/jdk1.8.0_31.jdk/Contents/Home/jre/lib/libverify.dylib
0x000000010f31f000 	/Library/Java/JavaVirtualMachines/jdk1.8.0_31.jdk/Contents/Home/jre/lib/libjava.dylib
0x000000010f35b000 	/Library/Java/JavaVirtualMachines/jdk1.8.0_31.jdk/Contents/Home/jre/lib/libzip.dylib
0x00000001a3075000 	/System/Library/Frameworks/JavaVM.framework/Frameworks/JavaRuntimeSupport.framework/JavaRuntimeSupport
0x00000001a308b000 	/System/Library/Frameworks/JavaVM.framework/Versions/A/Frameworks/JavaNativeFoundation.framework/Versions/A/JavaNativeFoundation
0x00000001a309f000 	/System/Library/Frameworks/JavaVM.framework/Versions/A/JavaVM
0x0000000003ab7000 	/System/Library/Frameworks/Carbon.framework/Versions/A/Carbon
0x00000001a30ab000 	/System/Library/PrivateFrameworks/JavaLaunching.framework/Versions/A/JavaLaunching
0x0000000003ab7000 	/System/Library/Frameworks/Carbon.framework/Versions/A/Frameworks/CommonPanels.framework/Versions/A/CommonPanels
0x0000000003ab7000 	/System/Library/Frameworks/Carbon.framework/Versions/A/Frameworks/Help.framework/Versions/A/Help
0x0000000003ab7000 	/System/Library/Frameworks/Carbon.framework/Versions/A/Frameworks/ImageCapture.framework/Versions/A/ImageCapture
0x0000000003ab7000 	/System/Library/Frameworks/Carbon.framework/Versions/A/Frameworks/OpenScripting.framework/Versions/A/OpenScripting
0x0000000003ab7000 	/System/Library/Frameworks/Carbon.framework/Versions/A/Frameworks/Print.framework/Versions/A/Print
0x0000000003ab7000 	/System/Library/Frameworks/Carbon.framework/Versions/A/Frameworks/SecurityHI.framework/Versions/A/SecurityHI
0x00000001a5056000 	/Library/Java/JavaVirtualMachines/jdk1.8.0_31.jdk/Contents/Home/jre/lib/libprism_es2.dylib
0x0000000003ab7000 	/System/Library/Frameworks/OpenGL.framework/Versions/A/Resources/GLEngine.bundle/GLEngine
0x0000000003ab7000 	/System/Library/Frameworks/OpenGL.framework/Versions/A/Libraries/libGLProgrammability.dylib
0x0000000000000000 	/System/Library/Extensions/AppleIntelHD5000GraphicsGLDriver.bundle/Contents/MacOS/AppleIntelHD5000GraphicsGLDriver
0x0000000003ab7000 	/System/Library/PrivateFrameworks/IOAccelerator.framework/Versions/A/IOAccelerator
0x0000000003ab7000 	/System/Library/PrivateFrameworks/GPUSupport.framework/Versions/A/Libraries/libGPUSupportMercury.dylib
0x0000000003ab7000 	/System/Library/Frameworks/OpenGL.framework/Versions/A/Resources/GLRendererFloat.bundle/GLRendererFloat
0x0000000003ab7000 	/System/Library/Frameworks/OpenCL.framework/Versions/A/Libraries/libcldcpuengine.dylib
0x0000000003ab7000 	/System/Library/PrivateFrameworks/DiskImages.framework/Versions/A/DiskImages
0x0000000003ab7000 	/System/Library/Frameworks/DiscRecording.framework/Versions/A/DiscRecording
0x0000000003ab7000 	/usr/lib/libcsfde.dylib
0x0000000003ab7000 	/usr/lib/libcurl.4.dylib
0x0000000003ab7000 	/System/Library/PrivateFrameworks/MediaKit.framework/Versions/A/MediaKit
0x0000000003ab7000 	/System/Library/PrivateFrameworks/ProtectedCloudStorage.framework/Versions/A/ProtectedCloudStorage
0x0000000003ab7000 	/usr/lib/libCoreStorage.dylib
0x0000000003ab7000 	/System/Library/PrivateFrameworks/EFILogin.framework/Versions/A/EFILogin
0x0000000003ab7000 	/usr/lib/libutil.dylib
0x0000000003ab7000 	/System/Library/PrivateFrameworks/FindMyDevice.framework/Versions/A/FindMyDevice
0x0000000003ab7000 	/System/Library/Frameworks/LDAP.framework/Versions/A/LDAP
0x0000000003ab7000 	/usr/lib/libsasl2.2.dylib
0x0000000003ab7000 	/System/Library/PrivateFrameworks/CoreDaemon.framework/Versions/B/CoreDaemon
0x0000000003ab7000 	/usr/lib/libcrypto.0.9.8.dylib
0x0000000003ab7000 	/System/Library/PrivateFrameworks/AppleSRP.framework/Versions/A/AppleSRP
0x0000000003ab7000 	/System/Library/PrivateFrameworks/TrustEvaluationAgent.framework/Versions/A/TrustEvaluationAgent
0x00000001a5503000 	/Library/Java/JavaVirtualMachines/jdk1.8.0_31.jdk/Contents/Home/jre/lib/libglass.dylib
0x0000000003ab7000 	/System/Library/PrivateFrameworks/CoreServicesInternal.framework/Versions/A/CoreServicesInternal
0x0000000003ab7000 	/System/Library/PrivateFrameworks/CloudDocs.framework/Versions/A/CloudDocs
0x0000000003ab7000 	/System/Library/PrivateFrameworks/CoreDuet.framework/Versions/A/CoreDuet
0x0000000003ab7000 	/System/Library/Frameworks/CloudKit.framework/Versions/A/CloudKit
0x0000000003ab7000 	/System/Library/PrivateFrameworks/ProtocolBuffer.framework/Versions/A/ProtocolBuffer
0x0000000003ab7000 	/System/Library/PrivateFrameworks/CoreDuetDaemonProtocol.framework/Versions/A/CoreDuetDaemonProtocol
0x0000000003ab7000 	/System/Library/PrivateFrameworks/CoreDuetDebugLogging.framework/Versions/A/CoreDuetDebugLogging
0x0000000003ab7000 	/System/Library/Frameworks/CoreLocation.framework/Versions/A/CoreLocation
0x0000000003ab7000 	/System/Library/Frameworks/Accounts.framework/Versions/A/Accounts
0x0000000003ab7000 	/System/Library/PrivateFrameworks/ApplePushService.framework/Versions/A/ApplePushService
0x0000000003ab7000 	/System/Library/PrivateFrameworks/GeoServices.framework/Versions/A/GeoServices
0x0000000003ab7000 	/System/Library/PrivateFrameworks/OAuth.framework/Versions/A/OAuth
0x0000000003ab7000 	/System/Library/Frameworks/CoreGraphics.framework/Versions/A/Resources/libCGCMS.A.dylib
0x0000000003ab7000 	/System/Library/CoreServices/RawCamera.bundle/Contents/MacOS/RawCamera
0x0000000003ab7000 	/System/Library/Frameworks/CoreGraphics.framework/Versions/A/Resources/libRIP.A.dylib
0x0000000003ab7000 	/System/Library/PrivateFrameworks/FamilyControls.framework/Versions/A/FamilyControls
0x0000000003ab7000 	/System/Library/PrivateFrameworks/CommerceKit.framework/Versions/A/Frameworks/CommerceCore.framework/Versions/A/CommerceCore
0x0000000003ab7000 	/System/Library/PrivateFrameworks/SystemAdministration.framework/Versions/A/SystemAdministration
0x0000000003ab7000 	/System/Library/PrivateFrameworks/AppContainer.framework/Versions/A/AppContainer
0x0000000003ab7000 	/System/Library/PrivateFrameworks/SecCodeWrapper.framework/Versions/A/SecCodeWrapper
0x0000000003ab7000 	/System/Library/Frameworks/DirectoryService.framework/Versions/A/DirectoryService
0x0000000003ab7000 	/System/Library/PrivateFrameworks/LoginUIKit.framework/Versions/A/Frameworks/LoginUICore.framework/Versions/A/LoginUICore
0x0000000003ab7000 	/usr/lib/libodfde.dylib
0x0000000003ab7000 	/System/Library/Frameworks/CoreGraphics.framework/Versions/A/Resources/libCGXType.A.dylib
0x00000001a9fc5000 	cl_kernels
0x00000001a9fc7000 	/System/Library/Frameworks/OpenCL.framework/Versions/A/Libraries/ImageFormats/unorm8_bgra.dylib
0x00000001a9fb6000 	cl_kernels
0x00000001aa182000 	/Library/Java/JavaVirtualMachines/jdk1.8.0_31.jdk/Contents/Home/jre/lib/libjavafx_font.dylib
0x00000001aaa27000 	/Library/Java/JavaVirtualMachines/jdk1.8.0_31.jdk/Contents/Home/jre/lib/libprism_common.dylib
0x00000001a94d6000 	/Library/Java/JavaVirtualMachines/jdk1.8.0_31.jdk/Contents/Home/jre/lib/libnet.dylib

VM Arguments:
jvm_args: -Dfile.encoding=UTF-8 
java_command: com.tradify.Main input_10000.txt
java_class_path (initial): /Users/darshanbidkar/Documents/workspace/TradifyApp/bin:/Users/darshanbidkar/Documents/workspace/TradifyApp/lib/asm-debug-all-5.0.2.jar:/Users/darshanbidkar/Documents/workspace/TradifyApp/lib/genson-1.2.jar:/Users/darshanbidkar/Documents/workspace/TradifyApp/lib/javassist-3.18.1-GA.jar:/Users/darshanbidkar/Documents/workspace/TradifyApp/lib/javax.annotation-api-1.2.jar:/Users/darshanbidkar/Documents/workspace/TradifyApp/lib/javax.inject-2.4.0-b09.jar:/Users/darshanbidkar/Documents/workspace/TradifyApp/lib/javax.ws.rs-api-2.0.1.jar:/Users/darshanbidkar/Documents/workspace/TradifyApp/lib/jaxb-api-2.2.7.jar:/Users/darshanbidkar/Documents/workspace/TradifyApp/lib/jersey-client.jar:/Users/darshanbidkar/Documents/workspace/TradifyApp/lib/jersey-common.jar:/Users/darshanbidkar/Documents/workspace/TradifyApp/lib/jersey-guava-2.16.jar:/Users/darshanbidkar/Documents/workspace/TradifyApp/lib/jersey-media-jaxb.jar:/Users/darshanbidkar/Documents/workspace/TradifyApp/lib/org.osgi.core-4.2.0.jar:/Users/darshanbidkar/Documents/workspace/TradifyApp/lib/osgi-resource-locator-1.0.1.jar:/Users/darshanbidkar/Documents/workspace/TradifyApp/lib/hk2-api-2.4.0-b09.jar:/Users/darshanbidkar/Documents/workspace/TradifyApp/lib/hk2-locator-2.4.0-b09.jar:/Users/darshanbidkar/Documents/workspace/TradifyApp/lib/hk2-utils-2.4.0-b09.jar:/Users/darshanbidkar/Documents/workspace/TradifyApp/lib/openjfx-dialogs-1.0.2.jar:/Users/darshanbidkar/Documents/workspace/TradifyApp/lib/activation.jar:/Users/darshanbidkar/Documents/workspace/TradifyApp/lib/mail.jar:/Users/darshanbidkar/Documents/workspace/TradifyApp/lib/jersey-media-multipart-2.13.jar:/Users/darshanbidkar/Documents/workspace/TradifyApp/lib/mysql-connector-java-5.1.34-bin.jar
Launcher Type: SUN_STANDARD

Environment Variables:
PATH=/usr/bin:/bin:/usr/sbin:/sbin
SHELL=/bin/bash
DISPLAY=/private/tmp/com.apple.launchd.NUXXil4BcZ/org.macosforge.xquartz:0

Signal Handlers:
SIGSEGV: [libjvm.dylib+0x57a0e7], sa_mask[0]=11111111011111110111111111111111, sa_flags=SA_ONSTACK|SA_RESTART|SA_SIGINFO
SIGBUS: [libjvm.dylib+0x57a0e7], sa_mask[0]=11111111011111110111111111111111, sa_flags=SA_RESTART|SA_SIGINFO
SIGFPE: [libjvm.dylib+0x45af24], sa_mask[0]=11111111011111110111111111111111, sa_flags=SA_RESTART|SA_SIGINFO
SIGPIPE: [libjvm.dylib+0x45af24], sa_mask[0]=11111111011111110111111111111111, sa_flags=SA_RESTART|SA_SIGINFO
SIGXFSZ: [libjvm.dylib+0x45af24], sa_mask[0]=11111111011111110111111111111111, sa_flags=SA_RESTART|SA_SIGINFO
SIGILL: [libjvm.dylib+0x45af24], sa_mask[0]=11111111011111110111111111111111, sa_flags=SA_RESTART|SA_SIGINFO
SIGUSR1: SIG_DFL, sa_mask[0]=00000000000000000000000000000000, sa_flags=none
SIGUSR2: [libjvm.dylib+0x45aa42], sa_mask[0]=00100000000000000000000000000000, sa_flags=SA_RESTART|SA_SIGINFO
SIGHUP: [libjvm.dylib+0x459015], sa_mask[0]=11111111011111110111111111111111, sa_flags=SA_RESTART|SA_SIGINFO
SIGINT: [libjvm.dylib+0x459015], sa_mask[0]=11111111011111110111111111111111, sa_flags=SA_RESTART|SA_SIGINFO
SIGTERM: [libjvm.dylib+0x459015], sa_mask[0]=11111111011111110111111111111111, sa_flags=SA_RESTART|SA_SIGINFO
SIGQUIT: [libjvm.dylib+0x459015], sa_mask[0]=11111111011111110111111111111111, sa_flags=SA_RESTART|SA_SIGINFO


---------------  S Y S T E M  ---------------

OS:Bsduname:Darwin 14.1.0 Darwin Kernel Version 14.1.0: Thu Feb 26 19:26:47 PST 2015; root:xnu-2782.10.73~1/RELEASE_X86_64 x86_64
rlimit: STACK 8192k, CORE 0k, NPROC 709, NOFILE 10240, AS infinity
load average:1.58 2.02 2.09

CPU:total 4 (2 cores per cpu, 2 threads per core) family 6 model 69 stepping 1, cmov, cx8, fxsr, mmx, sse, sse2, sse3, ssse3, sse4.1, sse4.2, popcnt, avx, avx2, aes, clmul, erms, lzcnt, ht, tsc, tscinvbit, bmi1, bmi2

Memory: 4k page, physical 4194304k(21264k free)

/proc/meminfo:


vm_info: Java HotSpot(TM) 64-Bit Server VM (25.31-b07) for bsd-amd64 JRE (1.8.0_31-b13), built on Dec 17 2014 20:45:36 by "java_re" with gcc 4.2.1 (Based on Apple Inc. build 5658) (LLVM build 2336.11.00)

time: Sun Mar 29 01:09:08 2015
elapsed time: 447 seconds (0d 0h 7m 27s)

