#
# A fatal error has been detected by the Java Runtime Environment:
#
#  SIGSEGV (0xb) at pc=0x000000012334a3fd, pid=862, tid=1811
#
# JRE version: Java(TM) SE Runtime Environment (8.0_31-b13) (build 1.8.0_31-b13)
# Java VM: Java HotSpot(TM) 64-Bit Server VM (25.31-b07 mixed mode bsd-amd64 compressed oops)
# Problematic frame:
# C  [libglass.dylib+0x163fd]  GlassScreenDidChangeScreenParameters+0x9d
#
# Failed to write core dump. Core dumps have been disabled. To enable core dumping, try "ulimit -c unlimited" before starting Java again
#
# If you would like to submit a bug report, please visit:
#   http://bugreport.java.com/bugreport/crash.jsp
#

---------------  T H R E A D  ---------------

Current thread is native thread

siginfo: si_signo: 11 (SIGSEGV), si_code: 1 (SEGV_MAPERR), si_addr: 0x0000000000000000

Registers:
RAX=0x000000012337ce40, RBX=0x0000000000000000, RCX=0x8b000fe0287a77c5, RDX=0x00007fb7a8c8fda0
RSP=0x00007fff541f3a50, RBP=0x00007fff541f3a60, RSI=0x00007fb7a8c10ab8, RDI=0x0000000000000000
R8 =0x00007fff541f3900, R9 =0x00007fff74f08300, R10=0x0000000000000000, R11=0x0000000000000246
R12=0x00007fb7a8d20bd0, R13=0x00000000000f4268, R14=0x00007fb7a8d801f0, R15=0x00007fff541f3ba0
RIP=0x000000012334a3fd, EFLAGS=0x0000000000010206, ERR=0x0000000000000004
  TRAPNO=0x000000000000000e

Top of Stack: (sp=0x00007fff541f3a50)
0x00007fff541f3a50:   00007fff541f3c30 00007fb7a8d801f0
0x00007fff541f3a60:   00007fff541f3a70 00007fff924a2cdc
0x00007fff541f3a70:   00007fff541f3dd0 00007fff92394244
0x00007fff541f3a80:   00007fff541f3ad0 0000000000000000
0x00007fff541f3a90:   00007fff75e32cf0 00007fb7ab5083e0
0x00007fff541f3aa0:   0000000000001000 0000000000000918
0x00007fff541f3ab0:   00007fb7ab5083e0 00007fb7a8d801f0
0x00007fff541f3ac0:   0000000000000000 00007fff541f3ba0
0x00007fff541f3ad0:   0000000000000000 00007fb7a8d80160
0x00007fff541f3ae0:   00007fff541f3c20 0000000000000061
0x00007fff541f3af0:   00000000000f4321 00007fb7ab6224a0
0x00007fff541f3b00:   00007fb7a8e184a0 00007fb7a8d20bd0
0x00007fff541f3b10:   0000000000000001 00000000000f4268
0x00007fff541f3b20:   00007fb7a8d20bc0 00007fff870b1acb
0x00007fff541f3b30:   0000000000000001 0000000000000001
0x00007fff541f3b40:   0000000000000030 0000000000000001
0x00007fff541f3b50:   00007fff541f3b70 00007fff870b7231
0x00007fff541f3b60:   00007fff75e30dd0 0000000000000000
0x00007fff541f3b70:   00007fff541f3b90 0000000000000009
0x00007fff541f3b80:   00029e03a9ac3c00 00007fb7a8d20bf4
0x00007fff541f3b90:   0000000000000000 00007fff92389d1f
0x00007fff541f3ba0:   00007fb7a8d801f0 00007fff75e30dd0
0x00007fff541f3bb0:   00007fff541f3c30 00007fff9239284f
0x00007fff541f3bc0:   00007fff541f3c34 00000000004a3b01
0x00007fff541f3bd0:   000000010ba26a00 0000000000000002
0x00007fff541f3be0:   000000010ba23000 00007fb7a8c88862
0x00007fff541f3bf0:   0000000000000003 000000010ba26a00
0x00007fff541f3c00:   00007fff541f3cf0 00007fff870b02a2
0x00007fff541f3c10:   00007fb7a8e18010 00007fff541f3dd8
0x00007fff541f3c20:   0000000000000017 0000000000000000
0x00007fff541f3c30:   00000000000f4268 00007fff9238a013
0x00007fff541f3c40:   00007fff00000000 00007fb7a8c5d630 

Instructions: (pc=0x000000012334a3fd)
0x000000012334a3dd:   89 df 4c 89 f1 41 ff 90 68 04 00 00 48 8d 05 58
0x000000012334a3ed:   29 03 00 48 8b 30 48 8d 05 46 2a 03 00 48 8b 10
0x000000012334a3fd:   48 8b 0b 30 c0 48 89 df ff 91 68 04 00 00 48 8b
0x000000012334a40d:   03 48 89 df ff 50 78 48 85 c0 74 36 49 89 c6 48 

Register to memory mapping:

RAX=0x000000012337ce40: jScreenNotifySettingsChanged+0 in /Library/Java/JavaVirtualMachines/jdk1.8.0_31.jdk/Contents/Home/jre/lib/libglass.dylib at 0x0000000123334000
RBX=0x0000000000000000 is an unknown value
RCX=0x8b000fe0287a77c5 is an unknown value
RDX=0x00007fb7a8c8fda0 is an unknown value
RSP=0x00007fff541f3a50 is an unknown value
RBP=0x00007fff541f3a60 is an unknown value
RSI=0x00007fb7a8c10ab8 is a global jni handle
RDI=0x0000000000000000 is an unknown value
R8 =0x00007fff541f3900 is an unknown value
R9 =0x00007fff74f08300: _thread+0 in /usr/lib/system/libsystem_pthread.dylib at 0x00007fff8b9fb000
R10=0x0000000000000000 is an unknown value
R11=0x0000000000000246 is an unknown value
R12=0x00007fb7a8d20bd0 is an unknown value
R13=0x00000000000f4268 is an unknown value
R14=0x00007fb7a8d801f0 is an unknown value
R15=0x00007fff541f3ba0 is an unknown value


Stack: [0x00007fff539f7000,0x00007fff541f7000],  sp=0x00007fff541f3a50,  free space=8178k
Native frames: (J=compiled Java code, j=interpreted, Vv=VM code, C=native code)
C  [libglass.dylib+0x163fd]  GlassScreenDidChangeScreenParameters+0x9d
C  [CoreFoundation+0x11ecdc]  __CFNOTIFICATIONCENTER_IS_CALLING_OUT_TO_AN_OBSERVER__+0xc
C  [CoreFoundation+0x10244]  _CFXNotificationPost+0xc44
C  [Foundation+0x2c31]  -[NSNotificationCenter postNotificationName:object:userInfo:]+0x42
C  [AppKit+0x36305e]  -[NSApplication _reactToScreenInvalidationImmediately:]+0x17b
C  [AppKit+0x362e9d]  __44-[NSApplication _reactToScreenInvalidation:]_block_invoke+0x4b
C  [CoreFoundation+0x8056c]  __CFRUNLOOP_IS_CALLING_OUT_TO_A_BLOCK__+0xc
C  [CoreFoundation+0x72675]  __CFRunLoopDoBlocks+0x155
C  [CoreFoundation+0x721b6]  __CFRunLoopRun+0x716
C  [CoreFoundation+0x71858]  CFRunLoopRunSpecific+0x128
C  [java+0x56cc]  CreateExecutionEnvironment+0x367
C  [java+0x165c]  JLI_Launch+0x7a0
C  [java+0x768a]  main+0x65
C  [java+0xeb4]  start+0x34


---------------  P R O C E S S  ---------------

VM state:not at safepoint (normal execution)

VM Mutex/Monitor currently owned by a thread: None

Heap:
 PSYoungGen      total 35328K, used 10009K [0x00000007aab00000, 0x00000007ad000000, 0x00000007c0000000)
  eden space 32768K, 30% used [0x00000007aab00000,0x00000007ab4c64d0,0x00000007acb00000)
  from space 2560K, 0% used [0x00000007acb00000,0x00000007acb00000,0x00000007acd80000)
  to   space 2560K, 0% used [0x00000007acd80000,0x00000007acd80000,0x00000007ad000000)
 ParOldGen       total 45056K, used 11814K [0x0000000780000000, 0x0000000782c00000, 0x00000007aab00000)
  object space 45056K, 26% used [0x0000000780000000,0x0000000780b898e8,0x0000000782c00000)
 Metaspace       used 21862K, capacity 22776K, committed 22912K, reserved 1069056K
  class space    used 3157K, capacity 3331K, committed 3456K, reserved 1048576K

Card table byte_map: [0x000000011c7e2000,0x000000011c9e3000] byte_map_base: 0x0000000118be2000

Marking Bits: (ParMarkBitMap*) 0x000000010cc9e410
 Begin Bits: [0x000000011cf45000, 0x000000011df45000)
 End Bits:   [0x000000011df45000, 0x000000011ef45000)

Polling page: 0x000000010bb60000

CodeCache: size=245760Kb used=6849Kb max_used=6880Kb free=238910Kb
 bounds [0x000000010d422000, 0x000000010dae2000, 0x000000011c422000]
 total_blobs=2993 nmethods=2327 adapters=580
 compilation: enabled

Compilation events (10 events):
Event: 9.618 Thread 0x00007fb7a984e000 2344       3       java.lang.invoke.MethodHandles$Lookup::maybeBindCaller (44 bytes)
Event: 9.619 Thread 0x00007fb7a984e000 nmethod 2344 0x000000010dadbb50 code [0x000000010dadbd40, 0x000000010dadc6b8]
Event: 9.619 Thread 0x00007fb7a984e000 2345       3       jdk.internal.org.objectweb.asm.MethodVisitor::visitMethodInsn (55 bytes)
Event: 9.619 Thread 0x00007fb7a984e000 nmethod 2345 0x000000010dadca50 code [0x000000010dadcbe0, 0x000000010dadcf98]
Event: 15.955 Thread 0x00007fb7a984e000 2346       3       java.util.regex.Matcher::groupCount (10 bytes)
Event: 15.955 Thread 0x00007fb7a984e000 nmethod 2346 0x000000010dadd090 code [0x000000010dadd200, 0x000000010dadd370]
Event: 15.955 Thread 0x00007fb7a984e000 2347       3       java.util.regex.Matcher::group (112 bytes)
Event: 15.956 Thread 0x00007fb7a984e000 nmethod 2347 0x000000010dadd410 code [0x000000010dadd640, 0x000000010dade388]
Event: 15.974 Thread 0x00007fb7a984e000 2348       1       java.lang.String::toString (2 bytes)
Event: 15.974 Thread 0x00007fb7a984e000 nmethod 2348 0x000000010d543710 code [0x000000010d543860, 0x000000010d543970]

GC Heap History (8 events):
Event: 1.340 GC heap before
{Heap before GC invocations=1 (full 0):
 PSYoungGen      total 18944K, used 16384K [0x00000007aab00000, 0x00000007ac000000, 0x00000007c0000000)
  eden space 16384K, 100% used [0x00000007aab00000,0x00000007abb00000,0x00000007abb00000)
  from space 2560K, 0% used [0x00000007abd80000,0x00000007abd80000,0x00000007ac000000)
  to   space 2560K, 0% used [0x00000007abb00000,0x00000007abb00000,0x00000007abd80000)
 ParOldGen       total 44032K, used 0K [0x0000000780000000, 0x0000000782b00000, 0x00000007aab00000)
  object space 44032K, 0% used [0x0000000780000000,0x0000000780000000,0x0000000782b00000)
 Metaspace       used 9758K, capacity 10016K, committed 10368K, reserved 1058816K
  class space    used 1232K, capacity 1298K, committed 1408K, reserved 1048576K
Event: 1.360 GC heap after
Heap after GC invocations=1 (full 0):
 PSYoungGen      total 18944K, used 2336K [0x00000007aab00000, 0x00000007ad000000, 0x00000007c0000000)
  eden space 16384K, 0% used [0x00000007aab00000,0x00000007aab00000,0x00000007abb00000)
  from space 2560K, 91% used [0x00000007abb00000,0x00000007abd48050,0x00000007abd80000)
  to   space 2560K, 0% used [0x00000007acd80000,0x00000007acd80000,0x00000007ad000000)
 ParOldGen       total 44032K, used 8K [0x0000000780000000, 0x0000000782b00000, 0x00000007aab00000)
  object space 44032K, 0% used [0x0000000780000000,0x0000000780002000,0x0000000782b00000)
 Metaspace       used 9758K, capacity 10016K, committed 10368K, reserved 1058816K
  class space    used 1232K, capacity 1298K, committed 1408K, reserved 1048576K
}
Event: 3.461 GC heap before
{Heap before GC invocations=2 (full 0):
 PSYoungGen      total 18944K, used 18720K [0x00000007aab00000, 0x00000007ad000000, 0x00000007c0000000)
  eden space 16384K, 100% used [0x00000007aab00000,0x00000007abb00000,0x00000007abb00000)
  from space 2560K, 91% used [0x00000007abb00000,0x00000007abd48050,0x00000007abd80000)
  to   space 2560K, 0% used [0x00000007acd80000,0x00000007acd80000,0x00000007ad000000)
 ParOldGen       total 44032K, used 8K [0x0000000780000000, 0x0000000782b00000, 0x00000007aab00000)
  object space 44032K, 0% used [0x0000000780000000,0x0000000780002000,0x0000000782b00000)
 Metaspace       used 14536K, capacity 15060K, committed 15360K, reserved 1062912K
  class space    used 2150K, capacity 2279K, committed 2304K, reserved 1048576K
Event: 3.475 GC heap after
Heap after GC invocations=2 (full 0):
 PSYoungGen      total 35328K, used 2528K [0x00000007aab00000, 0x00000007ad000000, 0x00000007c0000000)
  eden space 32768K, 0% used [0x00000007aab00000,0x00000007aab00000,0x00000007acb00000)
  from space 2560K, 98% used [0x00000007acd80000,0x00000007acff8040,0x00000007ad000000)
  to   space 2560K, 0% used [0x00000007acb00000,0x00000007acb00000,0x00000007acd80000)
 ParOldGen       total 44032K, used 6014K [0x0000000780000000, 0x0000000782b00000, 0x00000007aab00000)
  object space 44032K, 13% used [0x0000000780000000,0x00000007805dfb80,0x0000000782b00000)
 Metaspace       used 14536K, capacity 15060K, committed 15360K, reserved 1062912K
  class space    used 2150K, capacity 2279K, committed 2304K, reserved 1048576K
}
Event: 5.532 GC heap before
{Heap before GC invocations=3 (full 0):
 PSYoungGen      total 35328K, used 34450K [0x00000007aab00000, 0x00000007ad000000, 0x00000007c0000000)
  eden space 32768K, 97% used [0x00000007aab00000,0x00000007aca2c860,0x00000007acb00000)
  from space 2560K, 98% used [0x00000007acd80000,0x00000007acff8040,0x00000007ad000000)
  to   space 2560K, 0% used [0x00000007acb00000,0x00000007acb00000,0x00000007acd80000)
 ParOldGen       total 44032K, used 6014K [0x0000000780000000, 0x0000000782b00000, 0x00000007aab00000)
  object space 44032K, 13% used [0x0000000780000000,0x00000007805dfb80,0x0000000782b00000)
 Metaspace       used 20528K, capacity 21092K, committed 21248K, reserved 1067008K
  class space    used 2925K, capacity 3067K, committed 3072K, reserved 1048576K
Event: 5.546 GC heap after
Heap after GC invocations=3 (full 0):
 PSYoungGen      total 35328K, used 2544K [0x00000007aab00000, 0x00000007ad000000, 0x00000007c0000000)
  eden space 32768K, 0% used [0x00000007aab00000,0x00000007aab00000,0x00000007acb00000)
  from space 2560K, 99% used [0x00000007acb00000,0x00000007acd7c050,0x00000007acd80000)
  to   space 2560K, 0% used [0x00000007acd80000,0x00000007acd80000,0x00000007ad000000)
 ParOldGen       total 44032K, used 11643K [0x0000000780000000, 0x0000000782b00000, 0x00000007aab00000)
  object space 44032K, 26% used [0x0000000780000000,0x0000000780b5ec98,0x0000000782b00000)
 Metaspace       used 20528K, capacity 21092K, committed 21248K, reserved 1067008K
  class space    used 2925K, capacity 3067K, committed 3072K, reserved 1048576K
}
Event: 5.546 GC heap before
{Heap before GC invocations=4 (full 1):
 PSYoungGen      total 35328K, used 2544K [0x00000007aab00000, 0x00000007ad000000, 0x00000007c0000000)
  eden space 32768K, 0% used [0x00000007aab00000,0x00000007aab00000,0x00000007acb00000)
  from space 2560K, 99% used [0x00000007acb00000,0x00000007acd7c050,0x00000007acd80000)
  to   space 2560K, 0% used [0x00000007acd80000,0x00000007acd80000,0x00000007ad000000)
 ParOldGen       total 44032K, used 11643K [0x0000000780000000, 0x0000000782b00000, 0x00000007aab00000)
  object space 44032K, 26% used [0x0000000780000000,0x0000000780b5ec98,0x0000000782b00000)
 Metaspace       used 20528K, capacity 21092K, committed 21248K, reserved 1067008K
  class space    used 2925K, capacity 3067K, committed 3072K, reserved 1048576K
Event: 5.593 GC heap after
Heap after GC invocations=4 (full 1):
 PSYoungGen      total 35328K, used 0K [0x00000007aab00000, 0x00000007ad000000, 0x00000007c0000000)
  eden space 32768K, 0% used [0x00000007aab00000,0x00000007aab00000,0x00000007acb00000)
  from space 2560K, 0% used [0x00000007acb00000,0x00000007acb00000,0x00000007acd80000)
  to   space 2560K, 0% used [0x00000007acd80000,0x00000007acd80000,0x00000007ad000000)
 ParOldGen       total 45056K, used 11814K [0x0000000780000000, 0x0000000782c00000, 0x00000007aab00000)
  object space 45056K, 26% used [0x0000000780000000,0x0000000780b898e8,0x0000000782c00000)
 Metaspace       used 20526K, capacity 21090K, committed 21248K, reserved 1067008K
  class space    used 2924K, capacity 3066K, committed 3072K, reserved 1048576K
}

Deoptimization events (10 events):
Event: 4.821 Thread 0x00007fb7a918c000 Uncommon trap: reason=range_check action=make_not_entrant pc=0x000000010d899408 method=sun.reflect.generics.parser.SignatureParser.current()C @ 34
Event: 4.987 Thread 0x00007fb7a918c000 Uncommon trap: reason=class_check action=maybe_recompile pc=0x000000010d747200 method=java.util.HashMap.putVal(ILjava/lang/Object;Ljava/lang/Object;ZZ)Ljava/lang/Object; @ 253
Event: 5.029 Thread 0x00007fb7a918c000 Uncommon trap: reason=bimorphic action=maybe_recompile pc=0x000000010d8ccaac method=java.util.HashMap.putVal(ILjava/lang/Object;Ljava/lang/Object;ZZ)Ljava/lang/Object; @ 152
Event: 5.037 Thread 0x00007fb7a918c000 Uncommon trap: reason=bimorphic action=maybe_recompile pc=0x000000010d8ccaac method=java.util.HashMap.putVal(ILjava/lang/Object;Ljava/lang/Object;ZZ)Ljava/lang/Object; @ 152
Event: 5.096 Thread 0x00007fb7a918c000 Uncommon trap: reason=bimorphic action=maybe_recompile pc=0x000000010d8ccaac method=java.util.HashMap.putVal(ILjava/lang/Object;Ljava/lang/Object;ZZ)Ljava/lang/Object; @ 152
Event: 5.116 Thread 0x00007fb7a918c000 Uncommon trap: reason=bimorphic action=maybe_recompile pc=0x000000010d8bbc78 method=java.util.concurrent.ConcurrentHashMap.putVal(Ljava/lang/Object;Ljava/lang/Object;Z)Ljava/lang/Object; @ 192
Event: 5.117 Thread 0x00007fb7a918c000 Uncommon trap: reason=bimorphic action=maybe_recompile pc=0x000000010d8bbc78 method=java.util.concurrent.ConcurrentHashMap.putVal(Ljava/lang/Object;Ljava/lang/Object;Z)Ljava/lang/Object; @ 192
Event: 5.120 Thread 0x00007fb7a918c000 Uncommon trap: reason=bimorphic action=maybe_recompile pc=0x000000010d8bbc78 method=java.util.concurrent.ConcurrentHashMap.putVal(Ljava/lang/Object;Ljava/lang/Object;Z)Ljava/lang/Object; @ 192
Event: 5.121 Thread 0x00007fb7a918c000 Uncommon trap: reason=bimorphic action=maybe_recompile pc=0x000000010d8bbc78 method=java.util.concurrent.ConcurrentHashMap.putVal(Ljava/lang/Object;Ljava/lang/Object;Z)Ljava/lang/Object; @ 192
Event: 5.305 Thread 0x00007fb7a918c000 Uncommon trap: reason=null_assert action=make_not_entrant pc=0x000000010d8fc4fc method=java.util.concurrent.ConcurrentHashMap.putVal(Ljava/lang/Object;Ljava/lang/Object;Z)Ljava/lang/Object; @ 264

Internal exceptions (10 events):
Event: 5.886 Thread 0x00007fb7a918c000 Exception <a 'java/security/PrivilegedActionException'> (0x00000007aaf4cca0) thrown at [/Users/java_re/workspace/8-2-build-macosx-x86_64/jdk8u31/2394/hotspot/src/share/vm/prims/jvm.cpp, line 1312]
Event: 5.901 Thread 0x00007fb7a918c000 Exception <a 'java/security/PrivilegedActionException'> (0x00000007aafd6cc8) thrown at [/Users/java_re/workspace/8-2-build-macosx-x86_64/jdk8u31/2394/hotspot/src/share/vm/prims/jvm.cpp, line 1312]
Event: 5.951 Thread 0x00007fb7a918c000 Exception <a 'java/lang/ClassNotFoundException': java/util/package-info> (0x00000007ab116e28) thrown at [/Users/java_re/workspace/8-2-build-macosx-x86_64/jdk8u31/2394/hotspot/src/share/vm/classfile/systemDictionary.cpp, line 202]
Event: 5.951 Thread 0x00007fb7a918c000 Exception <a 'java/security/PrivilegedActionException'> (0x00000007ab119810) thrown at [/Users/java_re/workspace/8-2-build-macosx-x86_64/jdk8u31/2394/hotspot/src/share/vm/prims/jvm.cpp, line 1312]
Event: 5.954 Thread 0x00007fb7a918c000 Exception <a 'java/security/PrivilegedActionException'> (0x00000007ab137b88) thrown at [/Users/java_re/workspace/8-2-build-macosx-x86_64/jdk8u31/2394/hotspot/src/share/vm/prims/jvm.cpp, line 1312]
Event: 5.956 Thread 0x00007fb7a918c000 Exception <a 'java/security/PrivilegedActionException'> (0x00000007ab1420c0) thrown at [/Users/java_re/workspace/8-2-build-macosx-x86_64/jdk8u31/2394/hotspot/src/share/vm/prims/jvm.cpp, line 1312]
Event: 5.957 Thread 0x00007fb7a918c000 Exception <a 'java/security/PrivilegedActionException'> (0x00000007ab14bee0) thrown at [/Users/java_re/workspace/8-2-build-macosx-x86_64/jdk8u31/2394/hotspot/src/share/vm/prims/jvm.cpp, line 1312]
Event: 5.958 Thread 0x00007fb7a918c000 Exception <a 'java/security/PrivilegedActionException'> (0x00000007ab14e910) thrown at [/Users/java_re/workspace/8-2-build-macosx-x86_64/jdk8u31/2394/hotspot/src/share/vm/prims/jvm.cpp, line 1312]
Event: 5.967 Thread 0x00007fb7a918c000 Exception <a 'java/security/PrivilegedActionException'> (0x00000007ab159f08) thrown at [/Users/java_re/workspace/8-2-build-macosx-x86_64/jdk8u31/2394/hotspot/src/share/vm/prims/jvm.cpp, line 1312]
Event: 5.978 Thread 0x00007fb7a918c000 Exception <a 'java/security/PrivilegedActionException'> (0x00000007ab191860) thrown at [/Users/java_re/workspace/8-2-build-macosx-x86_64/jdk8u31/2394/hotspot/src/share/vm/prims/jvm.cpp, line 1312]

Events (10 events):
Event: 15.955 Thread 0x00007fb7a984e000 flushing nmethod 0x000000010d53f2d0
Event: 15.955 Thread 0x00007fb7a984e000 flushing nmethod 0x000000010d543710
Event: 15.955 Thread 0x00007fb7a984e000 flushing nmethod 0x000000010d5486d0
Event: 15.955 Thread 0x00007fb7a984e000 flushing nmethod 0x000000010d549710
Event: 15.955 Thread 0x00007fb7a984e000 flushing nmethod 0x000000010d54ca50
Event: 15.955 Thread 0x00007fb7a984e000 flushing nmethod 0x000000010d551a10
Event: 15.955 Thread 0x00007fb7a984e000 flushing nmethod 0x000000010d554150
Event: 15.955 Thread 0x00007fb7a984e000 flushing nmethod 0x000000010d555a10
Event: 15.955 Thread 0x00007fb7a984e000 flushing nmethod 0x000000010d565a10
Event: 15.974 Thread 0x00007fb7a984e000 flushing nmethod 0x000000010d5bc250


Dynamic libraries:
0x0000000003ab7000 	/System/Library/Frameworks/Cocoa.framework/Versions/A/Cocoa
0x0000000003ab7000 	/System/Library/Frameworks/Security.framework/Versions/A/Security
0x0000000003ab7000 	/System/Library/Frameworks/ApplicationServices.framework/Versions/A/ApplicationServices
0x0000000003ab7000 	/usr/lib/libz.1.dylib
0x0000000003ab7000 	/usr/lib/libSystem.B.dylib
0x0000000003ab7000 	/usr/lib/libobjc.A.dylib
0x0000000003ab7000 	/System/Library/Frameworks/CoreFoundation.framework/Versions/A/CoreFoundation
0x0000000003ab7000 	/System/Library/Frameworks/Foundation.framework/Versions/C/Foundation
0x0000000003ab7000 	/System/Library/Frameworks/AppKit.framework/Versions/C/AppKit
0x0000000003ab7000 	/System/Library/Frameworks/CoreData.framework/Versions/A/CoreData
0x0000000003ab7000 	/System/Library/PrivateFrameworks/RemoteViewServices.framework/Versions/A/RemoteViewServices
0x0000000003ab7000 	/System/Library/PrivateFrameworks/UIFoundation.framework/Versions/A/UIFoundation
0x0000000003ab7000 	/System/Library/Frameworks/IOSurface.framework/Versions/A/IOSurface
0x0000000003ab7000 	/System/Library/Frameworks/AudioToolbox.framework/Versions/A/AudioToolbox
0x0000000003ab7000 	/System/Library/Frameworks/AudioUnit.framework/Versions/A/AudioUnit
0x0000000003ab7000 	/System/Library/PrivateFrameworks/DataDetectorsCore.framework/Versions/A/DataDetectorsCore
0x0000000003ab7000 	/System/Library/PrivateFrameworks/DesktopServicesPriv.framework/Versions/A/DesktopServicesPriv
0x0000000003ab7000 	/System/Library/Frameworks/Carbon.framework/Versions/A/Frameworks/HIToolbox.framework/Versions/A/HIToolbox
0x0000000003ab7000 	/System/Library/Frameworks/QuartzCore.framework/Versions/A/QuartzCore
0x0000000003ab7000 	/System/Library/Frameworks/Carbon.framework/Versions/A/Frameworks/SpeechRecognition.framework/Versions/A/SpeechRecognition
0x0000000003ab7000 	/usr/lib/libauto.dylib
0x0000000003ab7000 	/usr/lib/libicucore.A.dylib
0x0000000003ab7000 	/usr/lib/libxml2.2.dylib
0x0000000003ab7000 	/System/Library/PrivateFrameworks/CoreUI.framework/Versions/A/CoreUI
0x0000000003ab7000 	/System/Library/Frameworks/CoreAudio.framework/Versions/A/CoreAudio
0x0000000003ab7000 	/System/Library/Frameworks/DiskArbitration.framework/Versions/A/DiskArbitration
0x0000000003ab7000 	/usr/lib/liblangid.dylib
0x0000000003ab7000 	/System/Library/PrivateFrameworks/MultitouchSupport.framework/Versions/A/MultitouchSupport
0x0000000003ab7000 	/System/Library/Frameworks/IOKit.framework/Versions/A/IOKit
0x0000000003ab7000 	/usr/lib/libDiagnosticMessagesClient.dylib
0x0000000003ab7000 	/System/Library/Frameworks/CoreServices.framework/Versions/A/CoreServices
0x0000000003ab7000 	/System/Library/PrivateFrameworks/PerformanceAnalysis.framework/Versions/A/PerformanceAnalysis
0x0000000003ab7000 	/System/Library/PrivateFrameworks/GenerationalStorage.framework/Versions/A/GenerationalStorage
0x0000000003ab7000 	/System/Library/Frameworks/OpenGL.framework/Versions/A/OpenGL
0x0000000003ab7000 	/System/Library/PrivateFrameworks/Sharing.framework/Versions/A/Sharing
0x0000000003ab7000 	/System/Library/Frameworks/CoreGraphics.framework/Versions/A/CoreGraphics
0x0000000003ab7000 	/System/Library/Frameworks/CoreText.framework/Versions/A/CoreText
0x0000000003ab7000 	/System/Library/Frameworks/ImageIO.framework/Versions/A/ImageIO
0x0000000003ab7000 	/usr/lib/libextension.dylib
0x0000000003ab7000 	/System/Library/PrivateFrameworks/Backup.framework/Versions/A/Backup
0x0000000003ab7000 	/usr/lib/libarchive.2.dylib
0x0000000003ab7000 	/System/Library/Frameworks/CFNetwork.framework/Versions/A/CFNetwork
0x0000000003ab7000 	/System/Library/Frameworks/SystemConfiguration.framework/Versions/A/SystemConfiguration
0x0000000003ab7000 	/usr/lib/libCRFSuite.dylib
0x0000000003ab7000 	/usr/lib/libc++.1.dylib
0x0000000003ab7000 	/usr/lib/libc++abi.dylib
0x0000000003ab7000 	/usr/lib/system/libcache.dylib
0x0000000003ab7000 	/usr/lib/system/libcommonCrypto.dylib
0x0000000003ab7000 	/usr/lib/system/libcompiler_rt.dylib
0x0000000003ab7000 	/usr/lib/system/libcopyfile.dylib
0x0000000003ab7000 	/usr/lib/system/libcorecrypto.dylib
0x0000000003ab7000 	/usr/lib/system/libdispatch.dylib
0x0000000003ab7000 	/usr/lib/system/libdyld.dylib
0x0000000003ab7000 	/usr/lib/system/libkeymgr.dylib
0x0000000003ab7000 	/usr/lib/system/liblaunch.dylib
0x0000000003ab7000 	/usr/lib/system/libmacho.dylib
0x0000000003ab7000 	/usr/lib/system/libquarantine.dylib
0x0000000003ab7000 	/usr/lib/system/libremovefile.dylib
0x0000000003ab7000 	/usr/lib/system/libsystem_asl.dylib
0x0000000003ab7000 	/usr/lib/system/libsystem_blocks.dylib
0x0000000003ab7000 	/usr/lib/system/libsystem_c.dylib
0x0000000003ab7000 	/usr/lib/system/libsystem_configuration.dylib
0x0000000003ab7000 	/usr/lib/system/libsystem_coreservices.dylib
0x0000000003ab7000 	/usr/lib/system/libsystem_coretls.dylib
0x0000000003ab7000 	/usr/lib/system/libsystem_dnssd.dylib
0x0000000003ab7000 	/usr/lib/system/libsystem_info.dylib
0x0000000003ab7000 	/usr/lib/system/libsystem_kernel.dylib
0x0000000003ab7000 	/usr/lib/system/libsystem_m.dylib
0x0000000003ab7000 	/usr/lib/system/libsystem_malloc.dylib
0x0000000003ab7000 	/usr/lib/system/libsystem_network.dylib
0x0000000003ab7000 	/usr/lib/system/libsystem_networkextension.dylib
0x0000000003ab7000 	/usr/lib/system/libsystem_notify.dylib
0x0000000003ab7000 	/usr/lib/system/libsystem_platform.dylib
0x0000000003ab7000 	/usr/lib/system/libsystem_pthread.dylib
0x0000000003ab7000 	/usr/lib/system/libsystem_sandbox.dylib
0x0000000003ab7000 	/usr/lib/system/libsystem_secinit.dylib
0x0000000003ab7000 	/usr/lib/system/libsystem_stats.dylib
0x0000000003ab7000 	/usr/lib/system/libsystem_trace.dylib
0x0000000003ab7000 	/usr/lib/system/libunc.dylib
0x0000000003ab7000 	/usr/lib/system/libunwind.dylib
0x0000000003ab7000 	/usr/lib/system/libxpc.dylib
0x0000000003ab7000 	/usr/lib/libbz2.1.0.dylib
0x0000000003ab7000 	/usr/lib/liblzma.5.dylib
0x0000000003ab7000 	/usr/lib/libbsm.0.dylib
0x0000000003ab7000 	/usr/lib/libsqlite3.dylib
0x0000000003ab7000 	/usr/lib/system/libkxld.dylib
0x0000000003ab7000 	/usr/lib/libxar.1.dylib
0x0000000003ab7000 	/usr/lib/libpam.2.dylib
0x0000000003ab7000 	/usr/lib/libOpenScriptingUtil.dylib
0x0000000003ab7000 	/System/Library/Frameworks/CoreServices.framework/Versions/A/Frameworks/FSEvents.framework/Versions/A/FSEvents
0x0000000003ab7000 	/System/Library/Frameworks/CoreServices.framework/Versions/A/Frameworks/CarbonCore.framework/Versions/A/CarbonCore
0x0000000003ab7000 	/System/Library/Frameworks/CoreServices.framework/Versions/A/Frameworks/Metadata.framework/Versions/A/Metadata
0x0000000003ab7000 	/System/Library/Frameworks/CoreServices.framework/Versions/A/Frameworks/OSServices.framework/Versions/A/OSServices
0x0000000003ab7000 	/System/Library/Frameworks/CoreServices.framework/Versions/A/Frameworks/SearchKit.framework/Versions/A/SearchKit
0x0000000003ab7000 	/System/Library/Frameworks/CoreServices.framework/Versions/A/Frameworks/AE.framework/Versions/A/AE
0x0000000003ab7000 	/System/Library/Frameworks/CoreServices.framework/Versions/A/Frameworks/LaunchServices.framework/Versions/A/LaunchServices
0x0000000003ab7000 	/System/Library/Frameworks/CoreServices.framework/Versions/A/Frameworks/DictionaryServices.framework/Versions/A/DictionaryServices
0x0000000003ab7000 	/System/Library/Frameworks/NetFS.framework/Versions/A/NetFS
0x0000000003ab7000 	/System/Library/PrivateFrameworks/NetAuth.framework/Versions/A/NetAuth
0x0000000003ab7000 	/System/Library/PrivateFrameworks/login.framework/Versions/A/Frameworks/loginsupport.framework/Versions/A/loginsupport
0x0000000003ab7000 	/System/Library/PrivateFrameworks/TCC.framework/Versions/A/TCC
0x0000000003ab7000 	/usr/lib/libmecabra.dylib
0x0000000003ab7000 	/System/Library/Frameworks/ApplicationServices.framework/Versions/A/Frameworks/ATS.framework/Versions/A/ATS
0x0000000003ab7000 	/System/Library/Frameworks/ApplicationServices.framework/Versions/A/Frameworks/ColorSync.framework/Versions/A/ColorSync
0x0000000003ab7000 	/System/Library/Frameworks/ApplicationServices.framework/Versions/A/Frameworks/HIServices.framework/Versions/A/HIServices
0x0000000003ab7000 	/System/Library/Frameworks/ApplicationServices.framework/Versions/A/Frameworks/LangAnalysis.framework/Versions/A/LangAnalysis
0x0000000003ab7000 	/System/Library/Frameworks/ApplicationServices.framework/Versions/A/Frameworks/PrintCore.framework/Versions/A/PrintCore
0x0000000003ab7000 	/System/Library/Frameworks/ApplicationServices.framework/Versions/A/Frameworks/QD.framework/Versions/A/QD
0x0000000003ab7000 	/System/Library/Frameworks/ApplicationServices.framework/Versions/A/Frameworks/SpeechSynthesis.framework/Versions/A/SpeechSynthesis
0x0000000003ab7000 	/System/Library/Frameworks/Accelerate.framework/Versions/A/Accelerate
0x0000000003ab7000 	/System/Library/Frameworks/Accelerate.framework/Versions/A/Frameworks/vImage.framework/Versions/A/vImage
0x0000000003ab7000 	/System/Library/Frameworks/Accelerate.framework/Versions/A/Frameworks/vecLib.framework/Versions/A/vecLib
0x0000000003ab7000 	/System/Library/Frameworks/Accelerate.framework/Versions/A/Frameworks/vecLib.framework/Versions/A/libvDSP.dylib
0x0000000003ab7000 	/System/Library/Frameworks/Accelerate.framework/Versions/A/Frameworks/vecLib.framework/Versions/A/libvMisc.dylib
0x0000000003ab7000 	/System/Library/Frameworks/Accelerate.framework/Versions/A/Frameworks/vecLib.framework/Versions/A/libLAPACK.dylib
0x0000000003ab7000 	/System/Library/Frameworks/Accelerate.framework/Versions/A/Frameworks/vecLib.framework/Versions/A/libBLAS.dylib
0x0000000003ab7000 	/System/Library/Frameworks/Accelerate.framework/Versions/A/Frameworks/vecLib.framework/Versions/A/libLinearAlgebra.dylib
0x0000000003ab7000 	/System/Library/Frameworks/ApplicationServices.framework/Versions/A/Frameworks/ATS.framework/Versions/A/Resources/libFontParser.dylib
0x0000000003ab7000 	/System/Library/Frameworks/ApplicationServices.framework/Versions/A/Frameworks/ATS.framework/Versions/A/Resources/libFontRegistry.dylib
0x0000000003ab7000 	/System/Library/PrivateFrameworks/AppleVPA.framework/Versions/A/AppleVPA
0x0000000003ab7000 	/System/Library/PrivateFrameworks/AppleJPEG.framework/Versions/A/AppleJPEG
0x0000000003ab7000 	/System/Library/Frameworks/ImageIO.framework/Versions/A/Resources/libJPEG.dylib
0x0000000003ab7000 	/System/Library/Frameworks/ImageIO.framework/Versions/A/Resources/libTIFF.dylib
0x0000000003ab7000 	/System/Library/Frameworks/ImageIO.framework/Versions/A/Resources/libPng.dylib
0x0000000003ab7000 	/System/Library/Frameworks/ImageIO.framework/Versions/A/Resources/libGIF.dylib
0x0000000003ab7000 	/System/Library/Frameworks/ImageIO.framework/Versions/A/Resources/libJP2.dylib
0x0000000003ab7000 	/System/Library/Frameworks/ImageIO.framework/Versions/A/Resources/libRadiance.dylib
0x0000000003ab7000 	/System/Library/Frameworks/CoreVideo.framework/Versions/A/CoreVideo
0x0000000003ab7000 	/System/Library/Frameworks/OpenGL.framework/Versions/A/Libraries/libGLU.dylib
0x0000000003ab7000 	/System/Library/Frameworks/OpenGL.framework/Versions/A/Libraries/libGFXShared.dylib
0x0000000003ab7000 	/System/Library/Frameworks/OpenGL.framework/Versions/A/Libraries/libGL.dylib
0x0000000003ab7000 	/System/Library/Frameworks/OpenGL.framework/Versions/A/Libraries/libGLImage.dylib
0x0000000003ab7000 	/System/Library/Frameworks/OpenGL.framework/Versions/A/Libraries/libCVMSPluginSupport.dylib
0x0000000003ab7000 	/System/Library/Frameworks/OpenGL.framework/Versions/A/Libraries/libCoreVMClient.dylib
0x0000000003ab7000 	/usr/lib/libcups.2.dylib
0x0000000003ab7000 	/System/Library/Frameworks/Kerberos.framework/Versions/A/Kerberos
0x0000000003ab7000 	/System/Library/Frameworks/GSS.framework/Versions/A/GSS
0x0000000003ab7000 	/usr/lib/libresolv.9.dylib
0x0000000003ab7000 	/usr/lib/libiconv.2.dylib
0x0000000003ab7000 	/System/Library/PrivateFrameworks/Heimdal.framework/Versions/A/Heimdal
0x0000000003ab7000 	/usr/lib/libheimdal-asn1.dylib
0x0000000003ab7000 	/System/Library/Frameworks/OpenDirectory.framework/Versions/A/OpenDirectory
0x0000000003ab7000 	/System/Library/PrivateFrameworks/CommonAuth.framework/Versions/A/CommonAuth
0x0000000003ab7000 	/System/Library/Frameworks/OpenDirectory.framework/Versions/A/Frameworks/CFOpenDirectory.framework/Versions/A/CFOpenDirectory
0x0000000003ab7000 	/System/Library/Frameworks/SecurityFoundation.framework/Versions/A/SecurityFoundation
0x0000000003ab7000 	/System/Library/PrivateFrameworks/LanguageModeling.framework/Versions/A/LanguageModeling
0x0000000003ab7000 	/usr/lib/libcmph.dylib
0x0000000003ab7000 	/System/Library/Frameworks/ServiceManagement.framework/Versions/A/ServiceManagement
0x0000000003ab7000 	/usr/lib/libxslt.1.dylib
0x0000000003ab7000 	/System/Library/Frameworks/Carbon.framework/Versions/A/Frameworks/Ink.framework/Versions/A/Ink
0x0000000003ab7000 	/System/Library/Frameworks/QuartzCore.framework/Versions/A/Frameworks/CoreImage.framework/Versions/A/CoreImage
0x0000000003ab7000 	/System/Library/PrivateFrameworks/CrashReporterSupport.framework/Versions/A/CrashReporterSupport
0x0000000003ab7000 	/System/Library/Frameworks/OpenCL.framework/Versions/A/OpenCL
0x0000000003ab7000 	/System/Library/PrivateFrameworks/FaceCore.framework/Versions/A/FaceCore
0x0000000003ab7000 	/System/Library/PrivateFrameworks/Ubiquity.framework/Versions/A/Ubiquity
0x0000000003ab7000 	/System/Library/PrivateFrameworks/IconServices.framework/Versions/A/IconServices
0x0000000003ab7000 	/System/Library/PrivateFrameworks/ChunkingLibrary.framework/Versions/A/ChunkingLibrary
0x0000000003ab7000 	/System/Library/PrivateFrameworks/Apple80211.framework/Versions/A/Apple80211
0x0000000003ab7000 	/System/Library/Frameworks/CoreWLAN.framework/Versions/A/CoreWLAN
0x0000000003ab7000 	/System/Library/Frameworks/IOBluetooth.framework/Versions/A/IOBluetooth
0x0000000003ab7000 	/System/Library/PrivateFrameworks/CoreWiFi.framework/Versions/A/CoreWiFi
0x0000000003ab7000 	/System/Library/Frameworks/CoreBluetooth.framework/Versions/A/CoreBluetooth
0x0000000003ab7000 	/System/Library/PrivateFrameworks/DebugSymbols.framework/Versions/A/DebugSymbols
0x0000000003ab7000 	/System/Library/PrivateFrameworks/CoreSymbolication.framework/Versions/A/CoreSymbolication
0x0000000003ab7000 	/System/Library/PrivateFrameworks/Symbolication.framework/Versions/A/Symbolication
0x0000000003ab7000 	/System/Library/PrivateFrameworks/SpeechRecognitionCore.framework/Versions/A/SpeechRecognitionCore
0x000000010c400000 	/Library/Java/JavaVirtualMachines/jdk1.8.0_31.jdk/Contents/Home/jre/lib/server/libjvm.dylib
0x0000000003ab7000 	/usr/lib/libstdc++.6.dylib
0x000000010bb1e000 	/Library/Java/JavaVirtualMachines/jdk1.8.0_31.jdk/Contents/Home/jre/lib/libverify.dylib
0x000000010bb2c000 	/Library/Java/JavaVirtualMachines/jdk1.8.0_31.jdk/Contents/Home/jre/lib/libjava.dylib
0x000000010bb6a000 	/Library/Java/JavaVirtualMachines/jdk1.8.0_31.jdk/Contents/Home/jre/lib/libzip.dylib
0x0000000120eb2000 	/System/Library/Frameworks/JavaVM.framework/Frameworks/JavaRuntimeSupport.framework/JavaRuntimeSupport
0x0000000120ec8000 	/System/Library/Frameworks/JavaVM.framework/Versions/A/Frameworks/JavaNativeFoundation.framework/Versions/A/JavaNativeFoundation
0x000000010bbf0000 	/System/Library/Frameworks/JavaVM.framework/Versions/A/JavaVM
0x0000000003ab7000 	/System/Library/Frameworks/Carbon.framework/Versions/A/Carbon
0x0000000120edc000 	/System/Library/PrivateFrameworks/JavaLaunching.framework/Versions/A/JavaLaunching
0x0000000003ab7000 	/System/Library/Frameworks/Carbon.framework/Versions/A/Frameworks/CommonPanels.framework/Versions/A/CommonPanels
0x0000000003ab7000 	/System/Library/Frameworks/Carbon.framework/Versions/A/Frameworks/Help.framework/Versions/A/Help
0x0000000003ab7000 	/System/Library/Frameworks/Carbon.framework/Versions/A/Frameworks/ImageCapture.framework/Versions/A/ImageCapture
0x0000000003ab7000 	/System/Library/Frameworks/Carbon.framework/Versions/A/Frameworks/OpenScripting.framework/Versions/A/OpenScripting
0x0000000003ab7000 	/System/Library/Frameworks/Carbon.framework/Versions/A/Frameworks/Print.framework/Versions/A/Print
0x0000000003ab7000 	/System/Library/Frameworks/Carbon.framework/Versions/A/Frameworks/SecurityHI.framework/Versions/A/SecurityHI
0x0000000122e87000 	/Library/Java/JavaVirtualMachines/jdk1.8.0_31.jdk/Contents/Home/jre/lib/libprism_es2.dylib
0x0000000003ab7000 	/System/Library/Frameworks/OpenGL.framework/Versions/A/Resources/GLEngine.bundle/GLEngine
0x0000000003ab7000 	/System/Library/Frameworks/OpenGL.framework/Versions/A/Libraries/libGLProgrammability.dylib
0x0000000000000000 	/System/Library/Extensions/AppleIntelHD5000GraphicsGLDriver.bundle/Contents/MacOS/AppleIntelHD5000GraphicsGLDriver
0x0000000003ab7000 	/System/Library/PrivateFrameworks/IOAccelerator.framework/Versions/A/IOAccelerator
0x0000000003ab7000 	/System/Library/PrivateFrameworks/GPUSupport.framework/Versions/A/Libraries/libGPUSupportMercury.dylib
0x0000000003ab7000 	/System/Library/Frameworks/OpenGL.framework/Versions/A/Resources/GLRendererFloat.bundle/GLRendererFloat
0x0000000003ab7000 	/System/Library/Frameworks/OpenCL.framework/Versions/A/Libraries/libcldcpuengine.dylib
0x0000000003ab7000 	/System/Library/PrivateFrameworks/DiskImages.framework/Versions/A/DiskImages
0x0000000003ab7000 	/System/Library/Frameworks/DiscRecording.framework/Versions/A/DiscRecording
0x0000000003ab7000 	/usr/lib/libcsfde.dylib
0x0000000003ab7000 	/usr/lib/libcurl.4.dylib
0x0000000003ab7000 	/System/Library/PrivateFrameworks/MediaKit.framework/Versions/A/MediaKit
0x0000000003ab7000 	/System/Library/PrivateFrameworks/ProtectedCloudStorage.framework/Versions/A/ProtectedCloudStorage
0x0000000003ab7000 	/usr/lib/libCoreStorage.dylib
0x0000000003ab7000 	/System/Library/PrivateFrameworks/EFILogin.framework/Versions/A/EFILogin
0x0000000003ab7000 	/usr/lib/libutil.dylib
0x0000000003ab7000 	/System/Library/PrivateFrameworks/FindMyDevice.framework/Versions/A/FindMyDevice
0x0000000003ab7000 	/System/Library/Frameworks/LDAP.framework/Versions/A/LDAP
0x0000000003ab7000 	/usr/lib/libsasl2.2.dylib
0x0000000003ab7000 	/System/Library/PrivateFrameworks/CoreDaemon.framework/Versions/B/CoreDaemon
0x0000000003ab7000 	/usr/lib/libcrypto.0.9.8.dylib
0x0000000003ab7000 	/System/Library/PrivateFrameworks/AppleSRP.framework/Versions/A/AppleSRP
0x0000000003ab7000 	/System/Library/PrivateFrameworks/TrustEvaluationAgent.framework/Versions/A/TrustEvaluationAgent
0x0000000123334000 	/Library/Java/JavaVirtualMachines/jdk1.8.0_31.jdk/Contents/Home/jre/lib/libglass.dylib
0x0000000003ab7000 	/System/Library/PrivateFrameworks/CoreServicesInternal.framework/Versions/A/CoreServicesInternal
0x0000000003ab7000 	/System/Library/PrivateFrameworks/CloudDocs.framework/Versions/A/CloudDocs
0x0000000003ab7000 	/System/Library/PrivateFrameworks/CoreDuet.framework/Versions/A/CoreDuet
0x0000000003ab7000 	/System/Library/Frameworks/CloudKit.framework/Versions/A/CloudKit
0x0000000003ab7000 	/System/Library/PrivateFrameworks/ProtocolBuffer.framework/Versions/A/ProtocolBuffer
0x0000000003ab7000 	/System/Library/PrivateFrameworks/CoreDuetDaemonProtocol.framework/Versions/A/CoreDuetDaemonProtocol
0x0000000003ab7000 	/System/Library/PrivateFrameworks/CoreDuetDebugLogging.framework/Versions/A/CoreDuetDebugLogging
0x0000000003ab7000 	/System/Library/Frameworks/CoreLocation.framework/Versions/A/CoreLocation
0x0000000003ab7000 	/System/Library/Frameworks/Accounts.framework/Versions/A/Accounts
0x0000000003ab7000 	/System/Library/PrivateFrameworks/ApplePushService.framework/Versions/A/ApplePushService
0x0000000003ab7000 	/System/Library/PrivateFrameworks/GeoServices.framework/Versions/A/GeoServices
0x0000000003ab7000 	/System/Library/PrivateFrameworks/OAuth.framework/Versions/A/OAuth
0x0000000003ab7000 	/System/Library/Frameworks/CoreGraphics.framework/Versions/A/Resources/libCGCMS.A.dylib
0x0000000003ab7000 	/System/Library/CoreServices/RawCamera.bundle/Contents/MacOS/RawCamera
0x0000000003ab7000 	/System/Library/Frameworks/CoreGraphics.framework/Versions/A/Resources/libRIP.A.dylib
0x0000000003ab7000 	/System/Library/PrivateFrameworks/FamilyControls.framework/Versions/A/FamilyControls
0x0000000003ab7000 	/System/Library/PrivateFrameworks/CommerceKit.framework/Versions/A/Frameworks/CommerceCore.framework/Versions/A/CommerceCore
0x0000000003ab7000 	/System/Library/PrivateFrameworks/SystemAdministration.framework/Versions/A/SystemAdministration
0x0000000003ab7000 	/System/Library/PrivateFrameworks/AppContainer.framework/Versions/A/AppContainer
0x0000000003ab7000 	/System/Library/PrivateFrameworks/SecCodeWrapper.framework/Versions/A/SecCodeWrapper
0x0000000003ab7000 	/System/Library/Frameworks/DirectoryService.framework/Versions/A/DirectoryService
0x0000000003ab7000 	/System/Library/PrivateFrameworks/LoginUIKit.framework/Versions/A/Frameworks/LoginUICore.framework/Versions/A/LoginUICore
0x0000000003ab7000 	/usr/lib/libodfde.dylib
0x0000000126761000 	/Library/Java/JavaVirtualMachines/jdk1.8.0_31.jdk/Contents/Home/jre/lib/libjavafx_font.dylib
0x0000000003ab7000 	/System/Library/Frameworks/CoreGraphics.framework/Versions/A/Resources/libCGXType.A.dylib
0x00000001294e3000 	/Library/Java/JavaVirtualMachines/jdk1.8.0_31.jdk/Contents/Home/jre/lib/libprism_common.dylib
0x0000000129641000 	cl_kernels
0x0000000129643000 	/System/Library/Frameworks/OpenCL.framework/Versions/A/Libraries/ImageFormats/unorm8_bgra.dylib
0x0000000129a81000 	cl_kernels
0x000000012a01d000 	/Library/Java/JavaVirtualMachines/jdk1.8.0_31.jdk/Contents/Home/jre/lib/libnet.dylib

VM Arguments:
jvm_args: -Dfile.encoding=UTF-8 
java_command: com.tradify.Main input_10000.txt
java_class_path (initial): /Users/darshanbidkar/Documents/workspace/TradifyApp/bin:/Users/darshanbidkar/Documents/workspace/TradifyApp/lib/asm-debug-all-5.0.2.jar:/Users/darshanbidkar/Documents/workspace/TradifyApp/lib/genson-1.2.jar:/Users/darshanbidkar/Documents/workspace/TradifyApp/lib/javassist-3.18.1-GA.jar:/Users/darshanbidkar/Documents/workspace/TradifyApp/lib/javax.annotation-api-1.2.jar:/Users/darshanbidkar/Documents/workspace/TradifyApp/lib/javax.inject-2.4.0-b09.jar:/Users/darshanbidkar/Documents/workspace/TradifyApp/lib/javax.ws.rs-api-2.0.1.jar:/Users/darshanbidkar/Documents/workspace/TradifyApp/lib/jaxb-api-2.2.7.jar:/Users/darshanbidkar/Documents/workspace/TradifyApp/lib/jersey-client.jar:/Users/darshanbidkar/Documents/workspace/TradifyApp/lib/jersey-common.jar:/Users/darshanbidkar/Documents/workspace/TradifyApp/lib/jersey-guava-2.16.jar:/Users/darshanbidkar/Documents/workspace/TradifyApp/lib/jersey-media-jaxb.jar:/Users/darshanbidkar/Documents/workspace/TradifyApp/lib/org.osgi.core-4.2.0.jar:/Users/darshanbidkar/Documents/workspace/TradifyApp/lib/osgi-resource-locator-1.0.1.jar:/Users/darshanbidkar/Documents/workspace/TradifyApp/lib/hk2-api-2.4.0-b09.jar:/Users/darshanbidkar/Documents/workspace/TradifyApp/lib/hk2-locator-2.4.0-b09.jar:/Users/darshanbidkar/Documents/workspace/TradifyApp/lib/hk2-utils-2.4.0-b09.jar:/Users/darshanbidkar/Documents/workspace/TradifyApp/lib/openjfx-dialogs-1.0.2.jar:/Users/darshanbidkar/Documents/workspace/TradifyApp/lib/activation.jar:/Users/darshanbidkar/Documents/workspace/TradifyApp/lib/mail.jar:/Users/darshanbidkar/Documents/workspace/TradifyApp/lib/jersey-media-multipart-2.13.jar:/Users/darshanbidkar/Documents/workspace/TradifyApp/lib/mysql-connector-java-5.1.34-bin.jar
Launcher Type: SUN_STANDARD

Environment Variables:
PATH=/usr/bin:/bin:/usr/sbin:/sbin
SHELL=/bin/bash
DISPLAY=/private/tmp/com.apple.launchd.NUXXil4BcZ/org.macosforge.xquartz:0

Signal Handlers:
SIGSEGV: [libjvm.dylib+0x57a0e7], sa_mask[0]=11111111011111110111111111111111, sa_flags=SA_ONSTACK|SA_RESTART|SA_SIGINFO
SIGBUS: [libjvm.dylib+0x57a0e7], sa_mask[0]=11111111011111110111111111111111, sa_flags=SA_RESTART|SA_SIGINFO
SIGFPE: [libjvm.dylib+0x45af24], sa_mask[0]=11111111011111110111111111111111, sa_flags=SA_RESTART|SA_SIGINFO
SIGPIPE: [libjvm.dylib+0x45af24], sa_mask[0]=11111111011111110111111111111111, sa_flags=SA_RESTART|SA_SIGINFO
SIGXFSZ: [libjvm.dylib+0x45af24], sa_mask[0]=11111111011111110111111111111111, sa_flags=SA_RESTART|SA_SIGINFO
SIGILL: [libjvm.dylib+0x45af24], sa_mask[0]=11111111011111110111111111111111, sa_flags=SA_RESTART|SA_SIGINFO
SIGUSR1: SIG_DFL, sa_mask[0]=00000000000000000000000000000000, sa_flags=none
SIGUSR2: [libjvm.dylib+0x45aa42], sa_mask[0]=00100000000000000000000000000000, sa_flags=SA_RESTART|SA_SIGINFO
SIGHUP: [libjvm.dylib+0x459015], sa_mask[0]=11111111011111110111111111111111, sa_flags=SA_RESTART|SA_SIGINFO
SIGINT: [libjvm.dylib+0x459015], sa_mask[0]=11111111011111110111111111111111, sa_flags=SA_RESTART|SA_SIGINFO
SIGTERM: [libjvm.dylib+0x459015], sa_mask[0]=11111111011111110111111111111111, sa_flags=SA_RESTART|SA_SIGINFO
SIGQUIT: [libjvm.dylib+0x459015], sa_mask[0]=11111111011111110111111111111111, sa_flags=SA_RESTART|SA_SIGINFO


---------------  S Y S T E M  ---------------

OS:Bsduname:Darwin 14.1.0 Darwin Kernel Version 14.1.0: Thu Feb 26 19:26:47 PST 2015; root:xnu-2782.10.73~1/RELEASE_X86_64 x86_64
rlimit: STACK 8192k, CORE 0k, NPROC 709, NOFILE 10240, AS infinity
load average:1.97 2.12 2.13

CPU:total 4 (2 cores per cpu, 2 threads per core) family 6 model 69 stepping 1, cmov, cx8, fxsr, mmx, sse, sse2, sse3, ssse3, sse4.1, sse4.2, popcnt, avx, avx2, aes, clmul, erms, lzcnt, ht, tsc, tscinvbit, bmi1, bmi2

Memory: 4k page, physical 4194304k(34912k free)

/proc/meminfo:


vm_info: Java HotSpot(TM) 64-Bit Server VM (25.31-b07) for bsd-amd64 JRE (1.8.0_31-b13), built on Dec 17 2014 20:45:36 by "java_re" with gcc 4.2.1 (Based on Apple Inc. build 5658) (LLVM build 2336.11.00)

time: Sun Mar 29 00:59:09 2015
elapsed time: 40 seconds (0d 0h 0m 40s)

